time: 0	mess type: 1
time: 1	mess type: 1
time: 2	mess type: 1
time: 3	mess type: 1
time: 4	mess type: 1
time: 5	mess type: 1
time: 6	mess type: 1
time: 7	mess type: 1
time: 8	mess type: 1
time: 9	mess type: 1
time: 10	mess type: 1
time: 11	mess type: 1
time: 12	mess type: 1
time: 13	mess type: 1
time: 14	mess type: 1
time: 15	mess type: 1
time: 16	mess type: 1
time: 17	mess type: 1
time: 18	mess type: 1
time: 19	mess type: 1
time: 20	mess type: 1
time: 21	mess type: 1
time: 22	mess type: 1
time: 23	mess type: 1
time: 24	mess type: 1
time: 25	mess type: 1
time: 26	mess type: 1
time: 27	mess type: 1
time: 28	mess type: 1
time: 29	mess type: 1
time: 30	mess type: 1
time: 31	mess type: 1
time: 32	mess type: 1
time: 33	mess type: 1
time: 34	mess type: 1
time: 35	mess type: 1
time: 36	mess type: 1
time: 37	mess type: 1
time: 38	mess type: 1
time: 39	mess type: 1
time: 40	mess type: 1
time: 41	mess type: 1
time: 42	mess type: 1
time: 43	mess type: 1
time: 44	mess type: 1
time: 45	mess type: 1
time: 46	mess type: 1
time: 47	mess type: 1
time: 48	mess type: 1
time: 49	mess type: 1
time: 50	mess type: 1
time: 51	mess type: 1
time: 52	mess type: 1
time: 53	mess type: 1
time: 54	mess type: 1
time: 55	mess type: 1
time: 56	mess type: 1
time: 57	mess type: 1
time: 58	mess type: 1
time: 59	mess type: 1
time: 60	mess type: 1
time: 61	mess type: 1
time: 62	mess type: 1
time: 63	mess type: 1
time: 64	mess type: 1
time: 65	mess type: 1
time: 66	mess type: 1
time: 67	mess type: 1
time: 68	mess type: 1
time: 69	mess type: 1
time: 70	mess type: 0
time: 70	mess type: 1
time: 71	mess type: 1
time: 72	mess type: 1
time: 73	mess type: 1
time: 74	mess type: 1
time: 75	mess type: 1
time: 76	mess type: 1
time: 77	mess type: 1
time: 78	mess type: 1
time: 79	mess type: 1
time: 80	mess type: 1
time: 81	mess type: 1
time: 82	mess type: 1
time: 83	mess type: 1
time: 83.57	mess type: 2
	From Router 0 0 0 0 to Router 0 0 0 1 Port 7 Virtual Channel 1
time: 84	mess type: 1
time: 84.57	mess type: 2
	From Router 0 0 0 0 to Router 0 0 0 1 Port 7 Virtual Channel 1
time: 85	mess type: 1
time: 85	mess type: 0
time: 85	mess type: 3
	From Router 0 0 0 1 to Router 0 0 0 0 Port 8 Virtual Channel 1
time: 86	mess type: 1
time: 86	mess type: 3
	From Router 0 0 0 1 to Router 0 0 0 0 Port 8 Virtual Channel 1
time: 87	mess type: 1
time: 88	mess type: 1
time: 89	mess type: 1
time: 90	mess type: 1
time: 91	mess type: 1
time: 92	mess type: 1
time: 93	mess type: 1
time: 94	mess type: 1
time: 95	mess type: 1
time: 96	mess type: 1
time: 97	mess type: 1
time: 98	mess type: 1
time: 99	mess type: 1
time: 99.57	mess type: 2
	From Router 0 0 0 0 to Router 0 0 0 1 Port 7 Virtual Channel 1
time: 100	mess type: 0
time: 100	mess type: 1
time: 100.57	mess type: 2
	From Router 0 0 0 0 to Router 0 0 0 1 Port 7 Virtual Channel 1
time: 101	mess type: 1
time: 102	mess type: 1
time: 103	mess type: 1
time: 104	mess type: 1
time: 104	mess type: 3
	From Router 0 0 0 1 to Router 0 0 0 0 Port 8 Virtual Channel 1
time: 105	mess type: 1
time: 105	mess type: 3
	From Router 0 0 0 1 to Router 0 0 0 0 Port 8 Virtual Channel 1
time: 106	mess type: 1
time: 107	mess type: 1
time: 108	mess type: 1
time: 109	mess type: 1
time: 110	mess type: 1
time: 111	mess type: 1
time: 112	mess type: 1
time: 113	mess type: 1
time: 113.57	mess type: 2
	From Router 0 0 0 1 to Router 0 0 0 2 Port 7 Virtual Channel 1
time: 113.57	mess type: 2
	From Router 0 0 0 0 to Router 0 0 0 1 Port 7 Virtual Channel 0
time: 114	mess type: 1
time: 114.57	mess type: 2
	From Router 0 0 0 0 to Router 0 0 0 1 Port 7 Virtual Channel 0
time: 114.57	mess type: 2
	From Router 0 0 0 1 to Router 0 0 0 2 Port 7 Virtual Channel 1
time: 115	mess type: 0
time: 115	mess type: 1
time: 115	mess type: 3
	From Router 0 0 0 2 to Router 0 0 0 1 Port 8 Virtual Channel 1
time: 116	mess type: 1
time: 116	mess type: 3
	From Router 0 0 0 2 to Router 0 0 0 1 Port 8 Virtual Channel 1
time: 117	mess type: 1
time: 118	mess type: 1
time: 118	mess type: 3
	From Router 0 0 0 1 to Router 0 0 0 0 Port 8 Virtual Channel 0
time: 119	mess type: 1
time: 119	mess type: 3
	From Router 0 0 0 1 to Router 0 0 0 0 Port 8 Virtual Channel 0
time: 120	mess type: 1
time: 121	mess type: 1
time: 122	mess type: 1
time: 123	mess type: 1
time: 124	mess type: 1
time: 125	mess type: 1
time: 126	mess type: 1
time: 127	mess type: 1
time: 127.57	mess type: 2
	From Router 0 0 0 1 to Router 0 0 0 2 Port 7 Virtual Channel 1
time: 128	mess type: 1
time: 128.57	mess type: 2
	From Router 0 0 0 1 to Router 0 0 0 2 Port 7 Virtual Channel 1
time: 128.57	mess type: 2
	From Router 0 0 0 0 to Router 0 0 0 1 Port 7 Virtual Channel 1
time: 129	mess type: 1
time: 129.57	mess type: 2
	From Router 0 0 0 0 to Router 0 0 0 1 Port 7 Virtual Channel 1
time: 130	mess type: 0
time: 130	mess type: 1
time: 131	mess type: 1
time: 132	mess type: 1
time: 132	mess type: 3
	From Router 0 0 0 2 to Router 0 0 0 1 Port 8 Virtual Channel 1
time: 133	mess type: 1
time: 133	mess type: 3
	From Router 0 0 0 2 to Router 0 0 0 1 Port 8 Virtual Channel 1
time: 133	mess type: 3
	From Router 0 0 0 1 to Router 0 0 0 0 Port 8 Virtual Channel 1
time: 134	mess type: 3
	From Router 0 0 0 1 to Router 0 0 0 0 Port 8 Virtual Channel 1
time: 134	mess type: 1
time: 135	mess type: 1
time: 136	mess type: 1
time: 137	mess type: 1
time: 138	mess type: 1
time: 139	mess type: 1
time: 140	mess type: 1
time: 141	mess type: 1
time: 141.57	mess type: 2
	From Router 0 0 0 2 to Router 0 0 0 3 Port 7 Virtual Channel 0
time: 142	mess type: 1
time: 142.57	mess type: 2
	From Router 0 0 0 2 to Router 0 0 0 3 Port 7 Virtual Channel 0
time: 142.57	mess type: 2
	From Router 0 0 0 1 to Router 0 0 0 2 Port 7 Virtual Channel 1
time: 143	mess type: 1
time: 143	mess type: 3
	From Router 0 0 0 3 to Router 0 0 0 2 Port 8 Virtual Channel 0
time: 143.57	mess type: 2
	From Router 0 0 0 0 to Router 0 0 0 1 Port 7 Virtual Channel 1
time: 143.57	mess type: 2
	From Router 0 0 0 1 to Router 0 0 0 2 Port 7 Virtual Channel 1
time: 144	mess type: 1
time: 144	mess type: 3
	From Router 0 0 0 3 to Router 0 0 0 2 Port 8 Virtual Channel 0
time: 144.57	mess type: 2
	From Router 0 0 0 0 to Router 0 0 0 1 Port 7 Virtual Channel 1
time: 145	mess type: 1
time: 145	mess type: 0
time: 146	mess type: 1
time: 147	mess type: 1
time: 147	mess type: 3
	From Router 0 0 0 2 to Router 0 0 0 1 Port 8 Virtual Channel 1
time: 148	mess type: 1
time: 148	mess type: 3
	From Router 0 0 0 2 to Router 0 0 0 1 Port 8 Virtual Channel 1
time: 148	mess type: 3
	From Router 0 0 0 1 to Router 0 0 0 0 Port 8 Virtual Channel 1
time: 149	mess type: 3
	From Router 0 0 0 1 to Router 0 0 0 0 Port 8 Virtual Channel 1
time: 149	mess type: 1
time: 150	mess type: 1
time: 151	mess type: 1
time: 152	mess type: 1
time: 153	mess type: 1
time: 154	mess type: 1
time: 155	mess type: 1
time: 156	mess type: 1
time: 156.57	mess type: 2
	From Router 0 0 0 2 to Router 0 0 0 3 Port 7 Virtual Channel 1
time: 157	mess type: 1
time: 157.57	mess type: 2
	From Router 0 0 0 2 to Router 0 0 0 3 Port 7 Virtual Channel 1
time: 157.57	mess type: 2
	From Router 0 0 0 1 to Router 0 0 0 2 Port 7 Virtual Channel 1
time: 158	mess type: 1
time: 158.57	mess type: 2
	From Router 0 0 0 1 to Router 0 0 0 2 Port 7 Virtual Channel 1
time: 159	mess type: 1
time: 159.57	mess type: 2
	From Router 0 0 0 0 to Router 0 0 0 1 Port 7 Virtual Channel 0
time: 160	mess type: 0
time: 160	mess type: 1
time: 160.57	mess type: 2
	From Router 0 0 0 0 to Router 0 0 0 1 Port 7 Virtual Channel 0
time: 161	mess type: 1
time: 161	mess type: 3
	From Router 0 0 0 3 to Router 0 0 0 2 Port 8 Virtual Channel 1
time: 162	mess type: 1
time: 162	mess type: 3
	From Router 0 0 0 3 to Router 0 0 0 2 Port 8 Virtual Channel 1
time: 162	mess type: 3
	From Router 0 0 0 2 to Router 0 0 0 1 Port 8 Virtual Channel 1
time: 163	mess type: 3
	From Router 0 0 0 2 to Router 0 0 0 1 Port 8 Virtual Channel 1
time: 163	mess type: 1
time: 164	mess type: 1
time: 164	mess type: 3
	From Router 0 0 0 1 to Router 0 0 0 0 Port 8 Virtual Channel 0
time: 165	mess type: 1
time: 165	mess type: 3
	From Router 0 0 0 1 to Router 0 0 0 0 Port 8 Virtual Channel 0
time: 166	mess type: 1
time: 167	mess type: 1
time: 168	mess type: 1
time: 169	mess type: 1
time: 170	mess type: 1
time: 170.57	mess type: 2
	From Router 0 0 0 3 to Router 0 0 0 4 Port 7 Virtual Channel 0
time: 171	mess type: 1
time: 171.57	mess type: 2
	From Router 0 0 0 3 to Router 0 0 0 4 Port 7 Virtual Channel 0
time: 171.57	mess type: 2
	From Router 0 0 0 2 to Router 0 0 0 3 Port 7 Virtual Channel 1
time: 172	mess type: 3
	From Router 0 0 0 4 to Router 0 0 0 3 Port 8 Virtual Channel 0
time: 172	mess type: 1
time: 172.57	mess type: 2
	From Router 0 0 0 2 to Router 0 0 0 3 Port 7 Virtual Channel 1
time: 173	mess type: 1
time: 173	mess type: 3
	From Router 0 0 0 4 to Router 0 0 0 3 Port 8 Virtual Channel 0
time: 173.57	mess type: 2
	From Router 0 0 0 0 to Router 0 0 0 1 Port 7 Virtual Channel 0
time: 173.57	mess type: 2
	From Router 0 0 0 1 to Router 0 0 0 2 Port 7 Virtual Channel 0
time: 174	mess type: 1
time: 174.57	mess type: 2
	From Router 0 0 0 0 to Router 0 0 0 1 Port 7 Virtual Channel 0
time: 174.57	mess type: 2
	From Router 0 0 0 1 to Router 0 0 0 2 Port 7 Virtual Channel 0
time: 175	mess type: 1
time: 175	mess type: 0
time: 176	mess type: 1
time: 176	mess type: 3
	From Router 0 0 0 3 to Router 0 0 0 2 Port 8 Virtual Channel 1
time: 177	mess type: 1
time: 177	mess type: 3
	From Router 0 0 0 3 to Router 0 0 0 2 Port 8 Virtual Channel 1
time: 178	mess type: 3
	From Router 0 0 0 2 to Router 0 0 0 1 Port 8 Virtual Channel 0
time: 178	mess type: 1
time: 178	mess type: 3
	From Router 0 0 0 1 to Router 0 0 0 0 Port 8 Virtual Channel 0
time: 179	mess type: 3
	From Router 0 0 0 1 to Router 0 0 0 0 Port 8 Virtual Channel 0
time: 179	mess type: 1
time: 179	mess type: 3
	From Router 0 0 0 2 to Router 0 0 0 1 Port 8 Virtual Channel 0
time: 180	mess type: 1
time: 181	mess type: 1
time: 182	mess type: 1
time: 183	mess type: 1
time: 184	mess type: 1
time: 185	mess type: 1
time: 185.57	mess type: 2
	From Router 0 0 0 3 to Router 0 0 0 4 Port 7 Virtual Channel 1
time: 186	mess type: 1
time: 186.57	mess type: 2
	From Router 0 0 0 3 to Router 0 0 0 4 Port 7 Virtual Channel 1
time: 187	mess type: 1
time: 187.57	mess type: 2
	From Router 0 0 0 1 to Router 0 0 0 2 Port 7 Virtual Channel 1
time: 187.57	mess type: 2
	From Router 0 0 0 2 to Router 0 0 0 3 Port 7 Virtual Channel 1
time: 188	mess type: 1
time: 188.57	mess type: 2
	From Router 0 0 0 2 to Router 0 0 0 3 Port 7 Virtual Channel 1
time: 188.57	mess type: 2
	From Router 0 0 0 1 to Router 0 0 0 2 Port 7 Virtual Channel 1
time: 189	mess type: 1
time: 189.57	mess type: 2
	From Router 0 0 0 0 to Router 0 0 1 0 Port 5 Virtual Channel 1
time: 190	mess type: 0
time: 190	mess type: 1
time: 190	mess type: 3
	From Router 0 0 0 4 to Router 0 0 0 3 Port 8 Virtual Channel 1
time: 190.57	mess type: 2
	From Router 0 0 0 0 to Router 0 0 1 0 Port 5 Virtual Channel 1
time: 191	mess type: 3
	From Router 0 0 0 4 to Router 0 0 0 3 Port 8 Virtual Channel 1
time: 191	mess type: 3
	From Router 0 0 1 0 to Router 0 0 0 0 Port 6 Virtual Channel 1
time: 191	mess type: 1
time: 192	mess type: 1
time: 192	mess type: 3
	From Router 0 0 1 0 to Router 0 0 0 0 Port 6 Virtual Channel 1
time: 192	mess type: 3
	From Router 0 0 0 2 to Router 0 0 0 1 Port 8 Virtual Channel 1
time: 192	mess type: 3
	From Router 0 0 0 3 to Router 0 0 0 2 Port 8 Virtual Channel 1
time: 193	mess type: 1
time: 193	mess type: 3
	From Router 0 0 0 3 to Router 0 0 0 2 Port 8 Virtual Channel 1
time: 193	mess type: 3
	From Router 0 0 0 2 to Router 0 0 0 1 Port 8 Virtual Channel 1
time: 194	mess type: 1
time: 195	mess type: 1
time: 196	mess type: 1
time: 197	mess type: 1
time: 198	mess type: 1
time: 199	mess type: 1
time: 199.57	mess type: 2
	From Router 0 0 0 4 to Router 0 0 0 5 Port 7 Virtual Channel 1
time: 200	mess type: 1
time: 200.57	mess type: 2
	From Router 0 0 0 4 to Router 0 0 0 5 Port 7 Virtual Channel 1
time: 201	mess type: 1
time: 201	mess type: 3
	From Router 0 0 0 5 to Router 0 0 0 4 Port 8 Virtual Channel 1
time: 201.57	mess type: 2
	From Router 0 0 0 2 to Router 0 0 0 3 Port 7 Virtual Channel 1
time: 201.57	mess type: 2
	From Router 0 0 0 3 to Router 0 0 0 4 Port 7 Virtual Channel 0
time: 202	mess type: 3
	From Router 0 0 0 5 to Router 0 0 0 4 Port 8 Virtual Channel 1
time: 202	mess type: 1
time: 202.57	mess type: 2
	From Router 0 0 0 3 to Router 0 0 0 4 Port 7 Virtual Channel 0
time: 202.57	mess type: 2
	From Router 0 0 0 2 to Router 0 0 0 3 Port 7 Virtual Channel 1
time: 203	mess type: 1
time: 203.57	mess type: 2
	From Router 0 0 0 0 to Router 0 0 1 0 Port 5 Virtual Channel 0
time: 204	mess type: 1
time: 204.57	mess type: 2
	From Router 0 0 0 0 to Router 0 0 1 0 Port 5 Virtual Channel 0
time: 205	mess type: 0
time: 205	mess type: 1
time: 206	mess type: 1
time: 206	mess type: 3
	From Router 0 0 0 3 to Router 0 0 0 2 Port 8 Virtual Channel 1
time: 206	mess type: 3
	From Router 0 0 0 4 to Router 0 0 0 3 Port 8 Virtual Channel 0
time: 207	mess type: 3
	From Router 0 0 0 3 to Router 0 0 0 2 Port 8 Virtual Channel 1
time: 207	mess type: 1
time: 207	mess type: 3
	From Router 0 0 0 4 to Router 0 0 0 3 Port 8 Virtual Channel 0
time: 208	mess type: 1
time: 208	mess type: 3
	From Router 0 0 1 0 to Router 0 0 0 0 Port 6 Virtual Channel 0
time: 209	mess type: 1
time: 209	mess type: 3
	From Router 0 0 1 0 to Router 0 0 0 0 Port 6 Virtual Channel 0
time: 210	mess type: 1
time: 211	mess type: 1
time: 212	mess type: 1
time: 213	mess type: 1
time: 214	mess type: 1
time: 215	mess type: 1
time: 215.57	mess type: 2
	From Router 0 0 0 4 to Router 0 0 0 5 Port 7 Virtual Channel 0
time: 215.57	mess type: 2
	From Router 0 0 0 3 to Router 0 0 0 4 Port 7 Virtual Channel 0
time: 216	mess type: 1
time: 216.57	mess type: 2
	From Router 0 0 0 3 to Router 0 0 0 4 Port 7 Virtual Channel 0
time: 216.57	mess type: 2
	From Router 0 0 0 4 to Router 0 0 0 5 Port 7 Virtual Channel 0
time: 217	mess type: 1
time: 217.57	mess type: 2
	From Router 0 0 1 0 to Router 0 0 1 1 Port 7 Virtual Channel 0
time: 218	mess type: 1
time: 218.57	mess type: 2
	From Router 0 0 1 0 to Router 0 0 1 1 Port 7 Virtual Channel 0
time: 218.57	mess type: 2
	From Router 0 0 0 0 to Router 0 0 1 0 Port 5 Virtual Channel 1
time: 219	mess type: 3
	From Router 0 0 1 1 to Router 0 0 1 0 Port 8 Virtual Channel 0
time: 219	mess type: 1
time: 219.57	mess type: 2
	From Router 0 0 0 0 to Router 0 0 1 0 Port 5 Virtual Channel 1
time: 220	mess type: 1
time: 220	mess type: 3
	From Router 0 0 1 1 to Router 0 0 1 0 Port 8 Virtual Channel 0
time: 220	mess type: 3
	From Router 0 0 0 5 to Router 0 0 0 4 Port 8 Virtual Channel 0
time: 220	mess type: 0
time: 220	mess type: 3
	From Router 0 0 0 4 to Router 0 0 0 3 Port 8 Virtual Channel 0
time: 221	mess type: 3
	From Router 0 0 0 4 to Router 0 0 0 3 Port 8 Virtual Channel 0
time: 221	mess type: 1
time: 221	mess type: 3
	From Router 0 0 0 5 to Router 0 0 0 4 Port 8 Virtual Channel 0
time: 222	mess type: 1
time: 223	mess type: 1
time: 223	mess type: 3
	From Router 0 0 1 0 to Router 0 0 0 0 Port 6 Virtual Channel 1
time: 224	mess type: 1
time: 224	mess type: 3
	From Router 0 0 1 0 to Router 0 0 0 0 Port 6 Virtual Channel 1
time: 225	mess type: 1
time: 226	mess type: 1
time: 227	mess type: 1
time: 228	mess type: 1
time: 229	mess type: 1
time: 229.57	mess type: 2
	From Router 0 0 0 4 to Router 0 0 0 5 Port 7 Virtual Channel 1
time: 229.57	mess type: 2
	From Router 0 0 0 5 to Router 0 0 0 6 Port 7 Virtual Channel 0
time: 230	mess type: 1
time: 230.57	mess type: 2
	From Router 0 0 0 4 to Router 0 0 0 5 Port 7 Virtual Channel 1
time: 230.57	mess type: 2
	From Router 0 0 0 5 to Router 0 0 0 6 Port 7 Virtual Channel 0
time: 231	mess type: 1
time: 231	mess type: 3
	From Router 0 0 0 6 to Router 0 0 0 5 Port 8 Virtual Channel 0
time: 232	mess type: 1
time: 232	mess type: 3
	From Router 0 0 0 6 to Router 0 0 0 5 Port 8 Virtual Channel 0
time: 232.57	mess type: 2
	From Router 0 0 1 0 to Router 0 0 1 1 Port 7 Virtual Channel 1
time: 233	mess type: 1
time: 233.57	mess type: 2
	From Router 0 0 1 0 to Router 0 0 1 1 Port 7 Virtual Channel 1
time: 234	mess type: 3
	From Router 0 0 0 5 to Router 0 0 0 4 Port 8 Virtual Channel 1
time: 234	mess type: 1
time: 234.57	mess type: 2
	From Router 0 0 0 0 to Router 0 0 1 0 Port 5 Virtual Channel 1
time: 235	mess type: 0
time: 235	mess type: 3
	From Router 0 0 0 5 to Router 0 0 0 4 Port 8 Virtual Channel 1
time: 235	mess type: 1
time: 235.57	mess type: 2
	From Router 0 0 0 0 to Router 0 0 1 0 Port 5 Virtual Channel 1
time: 236	mess type: 1
time: 237	mess type: 1
time: 237	mess type: 3
	From Router 0 0 1 1 to Router 0 0 1 0 Port 8 Virtual Channel 1
time: 238	mess type: 3
	From Router 0 0 1 1 to Router 0 0 1 0 Port 8 Virtual Channel 1
time: 238	mess type: 1
time: 239	mess type: 1
time: 239	mess type: 3
	From Router 0 0 1 0 to Router 0 0 0 0 Port 6 Virtual Channel 1
time: 240	mess type: 1
time: 240	mess type: 3
	From Router 0 0 1 0 to Router 0 0 0 0 Port 6 Virtual Channel 1
time: 241	mess type: 1
time: 242	mess type: 1
time: 243	mess type: 1
time: 243.57	mess type: 2
	From Router 0 0 0 5 to Router 0 0 0 6 Port 7 Virtual Channel 1
time: 244	mess type: 1
time: 244.57	mess type: 2
	From Router 0 0 0 5 to Router 0 0 0 6 Port 7 Virtual Channel 1
time: 245	mess type: 1
time: 246	mess type: 1
time: 246.57	mess type: 2
	From Router 0 0 1 1 to Router 0 0 1 2 Port 7 Virtual Channel 0
time: 247	mess type: 1
time: 247.57	mess type: 2
	From Router 0 0 1 1 to Router 0 0 1 2 Port 7 Virtual Channel 0
time: 248	mess type: 1
time: 248	mess type: 3
	From Router 0 0 0 6 to Router 0 0 0 5 Port 8 Virtual Channel 1
time: 248	mess type: 3
	From Router 0 0 1 2 to Router 0 0 1 1 Port 8 Virtual Channel 0
time: 248.57	mess type: 2
	From Router 0 0 1 0 to Router 0 0 1 1 Port 7 Virtual Channel 0
time: 248.57	mess type: 2
	From Router 0 0 0 0 to Router 0 0 1 0 Port 5 Virtual Channel 0
time: 249	mess type: 3
	From Router 0 0 0 6 to Router 0 0 0 5 Port 8 Virtual Channel 1
time: 249	mess type: 1
time: 249	mess type: 3
	From Router 0 0 1 2 to Router 0 0 1 1 Port 8 Virtual Channel 0
time: 249.57	mess type: 2
	From Router 0 0 1 0 to Router 0 0 1 1 Port 7 Virtual Channel 0
time: 249.57	mess type: 2
	From Router 0 0 0 0 to Router 0 0 1 0 Port 5 Virtual Channel 0
time: 250	mess type: 1
time: 250	mess type: 0
time: 251	mess type: 1
time: 252	mess type: 1
time: 253	mess type: 1
time: 253	mess type: 3
	From Router 0 0 1 1 to Router 0 0 1 0 Port 8 Virtual Channel 0
time: 253	mess type: 3
	From Router 0 0 1 0 to Router 0 0 0 0 Port 6 Virtual Channel 0
time: 254	mess type: 1
time: 254	mess type: 3
	From Router 0 0 1 1 to Router 0 0 1 0 Port 8 Virtual Channel 0
time: 254	mess type: 3
	From Router 0 0 1 0 to Router 0 0 0 0 Port 6 Virtual Channel 0
time: 255	mess type: 1
time: 256	mess type: 1
time: 257	mess type: 1
time: 257.57	mess type: 2
	From Router 0 0 0 6 to Router 0 0 0 7 Port 7 Virtual Channel 1
time: 258	mess type: 1
time: 258.57	mess type: 2
	From Router 0 0 0 6 to Router 0 0 0 7 Port 7 Virtual Channel 1
time: 259	mess type: 1
time: 259	mess type: 3
	From Router 0 0 0 7 to Router 0 0 0 6 Port 8 Virtual Channel 1
time: 260	mess type: 1
time: 260	mess type: 3
	From Router 0 0 0 7 to Router 0 0 0 6 Port 8 Virtual Channel 1
time: 261	mess type: 1
time: 262	mess type: 1
time: 262.57	mess type: 2
	From Router 0 0 1 1 to Router 0 0 1 2 Port 7 Virtual Channel 1
time: 262.57	mess type: 2
	From Router 0 0 1 0 to Router 0 0 1 1 Port 7 Virtual Channel 1
time: 263	mess type: 1
time: 263.57	mess type: 2
	From Router 0 0 1 1 to Router 0 0 1 2 Port 7 Virtual Channel 1
time: 263.57	mess type: 2
	From Router 0 0 1 0 to Router 0 0 1 1 Port 7 Virtual Channel 1
time: 264	mess type: 1
time: 264.57	mess type: 2
	From Router 0 0 0 0 to Router 0 0 1 0 Port 5 Virtual Channel 1
time: 265	mess type: 0
time: 265	mess type: 1
time: 265.57	mess type: 2
	From Router 0 0 0 0 to Router 0 0 1 0 Port 5 Virtual Channel 1
time: 266	mess type: 1
time: 267	mess type: 1
time: 267	mess type: 3
	From Router 0 0 1 1 to Router 0 0 1 0 Port 8 Virtual Channel 1
time: 267	mess type: 3
	From Router 0 0 1 2 to Router 0 0 1 1 Port 8 Virtual Channel 1
time: 268	mess type: 3
	From Router 0 0 1 1 to Router 0 0 1 0 Port 8 Virtual Channel 1
time: 268	mess type: 1
time: 268	mess type: 3
	From Router 0 0 1 2 to Router 0 0 1 1 Port 8 Virtual Channel 1
time: 269	mess type: 3
	From Router 0 0 1 0 to Router 0 0 0 0 Port 6 Virtual Channel 1
time: 269	mess type: 1
time: 270	mess type: 1
time: 270	mess type: 3
	From Router 0 0 1 0 to Router 0 0 0 0 Port 6 Virtual Channel 1
time: 271	mess type: 1
time: 272	mess type: 1
time: 273	mess type: 1
time: 274	mess type: 1
time: 275	mess type: 1
time: 276	mess type: 1
time: 276.57	mess type: 2
	From Router 0 0 1 2 to Router 0 0 1 3 Port 7 Virtual Channel 1
time: 276.57	mess type: 2
	From Router 0 0 1 1 to Router 0 0 1 2 Port 7 Virtual Channel 0
time: 277	mess type: 1
time: 277.57	mess type: 2
	From Router 0 0 1 1 to Router 0 0 1 2 Port 7 Virtual Channel 0
time: 277.57	mess type: 2
	From Router 0 0 1 2 to Router 0 0 1 3 Port 7 Virtual Channel 1
time: 278	mess type: 1
time: 278	mess type: 3
	From Router 0 0 1 3 to Router 0 0 1 2 Port 8 Virtual Channel 1
time: 278.57	mess type: 2
	From Router 0 0 0 0 to Router 0 0 1 0 Port 5 Virtual Channel 1
time: 278.57	mess type: 2
	From Router 0 0 1 0 to Router 0 0 1 1 Port 7 Virtual Channel 0
time: 279	mess type: 1
time: 279	mess type: 3
	From Router 0 0 1 3 to Router 0 0 1 2 Port 8 Virtual Channel 1
time: 279.57	mess type: 2
	From Router 0 0 0 0 to Router 0 0 1 0 Port 5 Virtual Channel 1
time: 279.57	mess type: 2
	From Router 0 0 1 0 to Router 0 0 1 1 Port 7 Virtual Channel 0
time: 280	mess type: 1
time: 280	mess type: 0
time: 281	mess type: 1
time: 281	mess type: 3
	From Router 0 0 1 2 to Router 0 0 1 1 Port 8 Virtual Channel 0
time: 282	mess type: 1
time: 282	mess type: 3
	From Router 0 0 1 2 to Router 0 0 1 1 Port 8 Virtual Channel 0
time: 283	mess type: 3
	From Router 0 0 1 1 to Router 0 0 1 0 Port 8 Virtual Channel 0
time: 283	mess type: 1
time: 283	mess type: 3
	From Router 0 0 1 0 to Router 0 0 0 0 Port 6 Virtual Channel 1
time: 284	mess type: 3
	From Router 0 0 1 0 to Router 0 0 0 0 Port 6 Virtual Channel 1
time: 284	mess type: 1
time: 284	mess type: 3
	From Router 0 0 1 1 to Router 0 0 1 0 Port 8 Virtual Channel 0
time: 285	mess type: 1
time: 286	mess type: 1
time: 287	mess type: 1
time: 288	mess type: 1
time: 289	mess type: 1
time: 290	mess type: 1
time: 290.57	mess type: 2
	From Router 0 0 1 2 to Router 0 0 1 3 Port 7 Virtual Channel 1
time: 291	mess type: 1
time: 291.57	mess type: 2
	From Router 0 0 1 2 to Router 0 0 1 3 Port 7 Virtual Channel 1
time: 292	mess type: 1
time: 292.57	mess type: 2
	From Router 0 0 1 0 to Router 0 0 1 1 Port 7 Virtual Channel 0
time: 292.57	mess type: 2
	From Router 0 0 1 1 to Router 0 0 1 2 Port 7 Virtual Channel 1
time: 293	mess type: 1
time: 293.57	mess type: 2
	From Router 0 0 1 1 to Router 0 0 1 2 Port 7 Virtual Channel 1
time: 293.57	mess type: 2
	From Router 0 0 1 0 to Router 0 0 1 1 Port 7 Virtual Channel 0
time: 294	mess type: 1
time: 294.57	mess type: 2
	From Router 0 0 0 0 to Router 0 0 1 0 Port 5 Virtual Channel 0
time: 295	mess type: 0
time: 295	mess type: 1
time: 295	mess type: 3
	From Router 0 0 1 3 to Router 0 0 1 2 Port 8 Virtual Channel 1
time: 295.57	mess type: 2
	From Router 0 0 0 0 to Router 0 0 1 0 Port 5 Virtual Channel 0
time: 296	mess type: 3
	From Router 0 0 1 3 to Router 0 0 1 2 Port 8 Virtual Channel 1
time: 296	mess type: 1
time: 297	mess type: 1
time: 297	mess type: 3
	From Router 0 0 1 1 to Router 0 0 1 0 Port 8 Virtual Channel 0
time: 297	mess type: 3
	From Router 0 0 1 2 to Router 0 0 1 1 Port 8 Virtual Channel 1
time: 298	mess type: 1
time: 298	mess type: 3
	From Router 0 0 1 2 to Router 0 0 1 1 Port 8 Virtual Channel 1
time: 298	mess type: 3
	From Router 0 0 1 1 to Router 0 0 1 0 Port 8 Virtual Channel 0
time: 299	mess type: 1
time: 299	mess type: 3
	From Router 0 0 1 0 to Router 0 0 0 0 Port 6 Virtual Channel 0
time: 300	mess type: 3
	From Router 0 0 1 0 to Router 0 0 0 0 Port 6 Virtual Channel 0
time: 300	mess type: 1
time: 301	mess type: 1
time: 302	mess type: 1
time: 303	mess type: 1
time: 304	mess type: 1
time: 304.57	mess type: 2
	From Router 0 0 1 3 to Router 0 0 1 4 Port 7 Virtual Channel 1
time: 305	mess type: 1
time: 305.57	mess type: 2
	From Router 0 0 1 3 to Router 0 0 1 4 Port 7 Virtual Channel 1
time: 306	mess type: 3
	From Router 0 0 1 4 to Router 0 0 1 3 Port 8 Virtual Channel 1
time: 306	mess type: 1
time: 306.57	mess type: 2
	From Router 0 0 1 1 to Router 0 0 1 2 Port 7 Virtual Channel 1
time: 306.57	mess type: 2
	From Router 0 0 1 2 to Router 0 0 1 3 Port 7 Virtual Channel 1
time: 307	mess type: 1
time: 307	mess type: 3
	From Router 0 0 1 4 to Router 0 0 1 3 Port 8 Virtual Channel 1
time: 307.57	mess type: 2
	From Router 0 0 1 1 to Router 0 0 1 2 Port 7 Virtual Channel 1
time: 307.57	mess type: 2
	From Router 0 0 1 2 to Router 0 0 1 3 Port 7 Virtual Channel 1
time: 308	mess type: 1
time: 308.57	mess type: 2
	From Router 0 0 0 0 to Router 0 0 1 0 Port 5 Virtual Channel 1
time: 308.57	mess type: 2
	From Router 0 0 1 0 to Router 0 0 1 1 Port 7 Virtual Channel 1
time: 309	mess type: 1
time: 309.57	mess type: 2
	From Router 0 0 1 0 to Router 0 0 1 1 Port 7 Virtual Channel 1
time: 309.57	mess type: 2
	From Router 0 0 0 0 to Router 0 0 1 0 Port 5 Virtual Channel 1
time: 310	mess type: 1
time: 310	mess type: 0
time: 311	mess type: 3
	From Router 0 0 1 2 to Router 0 0 1 1 Port 8 Virtual Channel 1
time: 311	mess type: 3
	From Router 0 0 1 3 to Router 0 0 1 2 Port 8 Virtual Channel 1
time: 311	mess type: 1
time: 312	mess type: 1
time: 312	mess type: 3
	From Router 0 0 1 3 to Router 0 0 1 2 Port 8 Virtual Channel 1
time: 312	mess type: 3
	From Router 0 0 1 2 to Router 0 0 1 1 Port 8 Virtual Channel 1
time: 313	mess type: 1
time: 313	mess type: 3
	From Router 0 0 1 0 to Router 0 0 0 0 Port 6 Virtual Channel 1
time: 313	mess type: 3
	From Router 0 0 1 1 to Router 0 0 1 0 Port 8 Virtual Channel 1
time: 314	mess type: 3
	From Router 0 0 1 1 to Router 0 0 1 0 Port 8 Virtual Channel 1
time: 314	mess type: 3
	From Router 0 0 1 0 to Router 0 0 0 0 Port 6 Virtual Channel 1
time: 314	mess type: 1
time: 315	mess type: 1
time: 316	mess type: 1
time: 317	mess type: 1
time: 318	mess type: 1
time: 319	mess type: 1
time: 320	mess type: 1
time: 320.57	mess type: 2
	From Router 0 0 1 2 to Router 0 0 1 3 Port 7 Virtual Channel 1
time: 320.57	mess type: 2
	From Router 0 0 1 3 to Router 0 0 1 4 Port 7 Virtual Channel 0
time: 321	mess type: 1
time: 321.57	mess type: 2
	From Router 0 0 1 3 to Router 0 0 1 4 Port 7 Virtual Channel 0
time: 321.57	mess type: 2
	From Router 0 0 1 2 to Router 0 0 1 3 Port 7 Virtual Channel 1
time: 322	mess type: 1
time: 322.57	mess type: 2
	From Router 0 0 1 0 to Router 0 0 2 0 Port 5 Virtual Channel 0
time: 322.57	mess type: 2
	From Router 0 0 1 1 to Router 0 0 1 2 Port 7 Virtual Channel 0
time: 323	mess type: 1
time: 323.57	mess type: 2
	From Router 0 0 1 0 to Router 0 0 2 0 Port 5 Virtual Channel 0
time: 323.57	mess type: 2
	From Router 0 0 1 1 to Router 0 0 1 2 Port 7 Virtual Channel 0
time: 324	mess type: 1
time: 324	mess type: 3
	From Router 0 0 2 0 to Router 0 0 1 0 Port 6 Virtual Channel 0
time: 324.57	mess type: 2
	From Router 0 0 0 0 to Router 0 0 1 0 Port 5 Virtual Channel 0
time: 325	mess type: 3
	From Router 0 0 1 4 to Router 0 0 1 3 Port 8 Virtual Channel 0
time: 325	mess type: 3
	From Router 0 0 1 3 to Router 0 0 1 2 Port 8 Virtual Channel 1
time: 325	mess type: 0
time: 325	mess type: 3
	From Router 0 0 2 0 to Router 0 0 1 0 Port 6 Virtual Channel 0
time: 325	mess type: 1
time: 325.57	mess type: 2
	From Router 0 0 0 0 to Router 0 0 1 0 Port 5 Virtual Channel 0
time: 326	mess type: 1
time: 326	mess type: 3
	From Router 0 0 1 4 to Router 0 0 1 3 Port 8 Virtual Channel 0
time: 326	mess type: 3
	From Router 0 0 1 3 to Router 0 0 1 2 Port 8 Virtual Channel 1
time: 327	mess type: 1
time: 327	mess type: 3
	From Router 0 0 1 2 to Router 0 0 1 1 Port 8 Virtual Channel 0
time: 328	mess type: 1
time: 328	mess type: 3
	From Router 0 0 1 2 to Router 0 0 1 1 Port 8 Virtual Channel 0
time: 329	mess type: 1
time: 329	mess type: 3
	From Router 0 0 1 0 to Router 0 0 0 0 Port 6 Virtual Channel 0
time: 330	mess type: 3
	From Router 0 0 1 0 to Router 0 0 0 0 Port 6 Virtual Channel 0
time: 330	mess type: 1
time: 331	mess type: 1
time: 332	mess type: 1
time: 333	mess type: 1
time: 334	mess type: 1
time: 334.57	mess type: 2
	From Router 0 0 1 4 to Router 0 0 1 5 Port 7 Virtual Channel 1
time: 334.57	mess type: 2
	From Router 0 0 1 3 to Router 0 0 1 4 Port 7 Virtual Channel 0
time: 335	mess type: 1
time: 335.57	mess type: 2
	From Router 0 0 1 3 to Router 0 0 1 4 Port 7 Virtual Channel 0
time: 335.57	mess type: 2
	From Router 0 0 1 4 to Router 0 0 1 5 Port 7 Virtual Channel 1
time: 336	mess type: 1
time: 336	mess type: 3
	From Router 0 0 1 5 to Router 0 0 1 4 Port 8 Virtual Channel 1
time: 336.57	mess type: 2
	From Router 0 0 1 2 to Router 0 0 1 3 Port 7 Virtual Channel 0
time: 337	mess type: 3
	From Router 0 0 1 5 to Router 0 0 1 4 Port 8 Virtual Channel 1
time: 337	mess type: 1
time: 337.57	mess type: 2
	From Router 0 0 1 2 to Router 0 0 1 3 Port 7 Virtual Channel 0
time: 338	mess type: 1
time: 338.57	mess type: 2
	From Router 0 0 0 0 to Router 0 0 1 0 Port 5 Virtual Channel 1
time: 338.57	mess type: 2
	From Router 0 0 1 0 to Router 0 0 2 0 Port 5 Virtual Channel 1
time: 339	mess type: 1
time: 339	mess type: 3
	From Router 0 0 1 4 to Router 0 0 1 3 Port 8 Virtual Channel 0
time: 339.57	mess type: 2
	From Router 0 0 1 0 to Router 0 0 2 0 Port 5 Virtual Channel 1
time: 339.57	mess type: 2
	From Router 0 0 0 0 to Router 0 0 1 0 Port 5 Virtual Channel 1
time: 340	mess type: 3
	From Router 0 0 1 4 to Router 0 0 1 3 Port 8 Virtual Channel 0
time: 340	mess type: 1
time: 340	mess type: 0
time: 341	mess type: 1
time: 341	mess type: 3
	From Router 0 0 1 3 to Router 0 0 1 2 Port 8 Virtual Channel 0
time: 342	mess type: 3
	From Router 0 0 1 3 to Router 0 0 1 2 Port 8 Virtual Channel 0
time: 342	mess type: 1
time: 343	mess type: 1
time: 343	mess type: 3
	From Router 0 0 1 0 to Router 0 0 0 0 Port 6 Virtual Channel 1
time: 343	mess type: 3
	From Router 0 0 2 0 to Router 0 0 1 0 Port 6 Virtual Channel 1
time: 344	mess type: 3
	From Router 0 0 2 0 to Router 0 0 1 0 Port 6 Virtual Channel 1
time: 344	mess type: 3
	From Router 0 0 1 0 to Router 0 0 0 0 Port 6 Virtual Channel 1
time: 344	mess type: 1
time: 345	mess type: 1
time: 346	mess type: 1
time: 347	mess type: 1
time: 348	mess type: 1
time: 348.57	mess type: 2
	From Router 0 0 1 4 to Router 0 0 1 5 Port 7 Virtual Channel 0
time: 349	mess type: 1
time: 349.57	mess type: 2
	From Router 0 0 1 4 to Router 0 0 1 5 Port 7 Virtual Channel 0
time: 350	mess type: 1
time: 350.57	mess type: 2
	From Router 0 0 1 3 to Router 0 0 1 4 Port 7 Virtual Channel 0
time: 351	mess type: 1
time: 351.57	mess type: 2
	From Router 0 0 1 3 to Router 0 0 1 4 Port 7 Virtual Channel 0
time: 352	mess type: 1
time: 352.57	mess type: 2
	From Router 0 0 2 0 to Router 0 0 2 1 Port 7 Virtual Channel 1
time: 352.57	mess type: 2
	From Router 0 0 1 0 to Router 0 0 2 0 Port 5 Virtual Channel 0
time: 353	mess type: 1
time: 353	mess type: 3
	From Router 0 0 1 5 to Router 0 0 1 4 Port 8 Virtual Channel 0
time: 353.57	mess type: 2
	From Router 0 0 2 0 to Router 0 0 2 1 Port 7 Virtual Channel 1
time: 353.57	mess type: 2
	From Router 0 0 1 0 to Router 0 0 2 0 Port 5 Virtual Channel 0
time: 354	mess type: 1
time: 354	mess type: 3
	From Router 0 0 2 1 to Router 0 0 2 0 Port 8 Virtual Channel 1
time: 354	mess type: 3
	From Router 0 0 1 5 to Router 0 0 1 4 Port 8 Virtual Channel 0
time: 354.57	mess type: 2
	From Router 0 0 0 0 to Router 0 0 1 0 Port 5 Virtual Channel 1
time: 355	mess type: 1
time: 355	mess type: 0
time: 355	mess type: 3
	From Router 0 0 2 1 to Router 0 0 2 0 Port 8 Virtual Channel 1
time: 355	mess type: 3
	From Router 0 0 1 4 to Router 0 0 1 3 Port 8 Virtual Channel 0
time: 355.57	mess type: 2
	From Router 0 0 0 0 to Router 0 0 1 0 Port 5 Virtual Channel 1
time: 356	mess type: 1
time: 356	mess type: 3
	From Router 0 0 1 4 to Router 0 0 1 3 Port 8 Virtual Channel 0
time: 357	mess type: 1
time: 357	mess type: 3
	From Router 0 0 2 0 to Router 0 0 1 0 Port 6 Virtual Channel 0
time: 358	mess type: 1
time: 358	mess type: 3
	From Router 0 0 2 0 to Router 0 0 1 0 Port 6 Virtual Channel 0
time: 359	mess type: 1
time: 359	mess type: 3
	From Router 0 0 1 0 to Router 0 0 0 0 Port 6 Virtual Channel 1
time: 360	mess type: 1
time: 360	mess type: 3
	From Router 0 0 1 0 to Router 0 0 0 0 Port 6 Virtual Channel 1
time: 361	mess type: 1
time: 362	mess type: 1
time: 362.57	mess type: 2
	From Router 0 0 1 5 to Router 0 0 1 6 Port 7 Virtual Channel 0
time: 363	mess type: 1
time: 363.57	mess type: 2
	From Router 0 0 1 5 to Router 0 0 1 6 Port 7 Virtual Channel 0
time: 364	mess type: 3
	From Router 0 0 1 6 to Router 0 0 1 5 Port 8 Virtual Channel 0
time: 364	mess type: 1
time: 364.57	mess type: 2
	From Router 0 0 1 4 to Router 0 0 1 5 Port 7 Virtual Channel 1
time: 365	mess type: 1
time: 365	mess type: 3
	From Router 0 0 1 6 to Router 0 0 1 5 Port 8 Virtual Channel 0
time: 365.57	mess type: 2
	From Router 0 0 1 4 to Router 0 0 1 5 Port 7 Virtual Channel 1
time: 366	mess type: 1
time: 366.57	mess type: 2
	From Router 0 0 2 0 to Router 0 0 2 1 Port 7 Virtual Channel 0
time: 367	mess type: 1
time: 367.57	mess type: 2
	From Router 0 0 2 0 to Router 0 0 2 1 Port 7 Virtual Channel 0
time: 368	mess type: 1
time: 368.57	mess type: 2
	From Router 0 0 1 0 to Router 0 0 2 0 Port 5 Virtual Channel 0
time: 369	mess type: 1
time: 369	mess type: 3
	From Router 0 0 1 5 to Router 0 0 1 4 Port 8 Virtual Channel 1
time: 369.57	mess type: 2
	From Router 0 0 1 0 to Router 0 0 2 0 Port 5 Virtual Channel 0
time: 369.57	mess type: 2
	From Router 0 0 0 0 to Router 0 0 1 0 Port 5 Virtual Channel 1
time: 370	mess type: 1
time: 370	mess type: 3
	From Router 0 0 1 5 to Router 0 0 1 4 Port 8 Virtual Channel 1
time: 370	mess type: 0
time: 370.57	mess type: 2
	From Router 0 0 0 0 to Router 0 0 1 0 Port 5 Virtual Channel 1
time: 371	mess type: 1
time: 371	mess type: 3
	From Router 0 0 2 1 to Router 0 0 2 0 Port 8 Virtual Channel 0
time: 372	mess type: 3
	From Router 0 0 2 1 to Router 0 0 2 0 Port 8 Virtual Channel 0
time: 372	mess type: 1
time: 373	mess type: 1
time: 373	mess type: 3
	From Router 0 0 2 0 to Router 0 0 1 0 Port 6 Virtual Channel 0
time: 374	mess type: 1
time: 374	mess type: 3
	From Router 0 0 1 0 to Router 0 0 0 0 Port 6 Virtual Channel 1
time: 374	mess type: 3
	From Router 0 0 2 0 to Router 0 0 1 0 Port 6 Virtual Channel 0
time: 375	mess type: 3
	From Router 0 0 1 0 to Router 0 0 0 0 Port 6 Virtual Channel 1
time: 375	mess type: 1
time: 376	mess type: 1
time: 377	mess type: 1
time: 378	mess type: 1
time: 378.57	mess type: 2
	From Router 0 0 1 5 to Router 0 0 1 6 Port 7 Virtual Channel 1
time: 379	mess type: 1
time: 379.57	mess type: 2
	From Router 0 0 1 5 to Router 0 0 1 6 Port 7 Virtual Channel 1
time: 380	mess type: 1
time: 380.57	mess type: 2
	From Router 0 0 2 1 to Router 0 0 2 2 Port 7 Virtual Channel 1
time: 381	mess type: 1
time: 381.57	mess type: 2
	From Router 0 0 2 1 to Router 0 0 2 2 Port 7 Virtual Channel 1
time: 382	mess type: 1
time: 382	mess type: 3
	From Router 0 0 2 2 to Router 0 0 2 1 Port 8 Virtual Channel 1
time: 382.57	mess type: 2
	From Router 0 0 2 0 to Router 0 0 2 1 Port 7 Virtual Channel 0
time: 383	mess type: 3
	From Router 0 0 1 6 to Router 0 0 1 5 Port 8 Virtual Channel 1
time: 383	mess type: 3
	From Router 0 0 2 2 to Router 0 0 2 1 Port 8 Virtual Channel 1
time: 383	mess type: 1
time: 383.57	mess type: 2
	From Router 0 0 1 0 to Router 0 0 2 0 Port 5 Virtual Channel 0
time: 383.57	mess type: 2
	From Router 0 0 2 0 to Router 0 0 2 1 Port 7 Virtual Channel 0
time: 384	mess type: 1
time: 384	mess type: 3
	From Router 0 0 1 6 to Router 0 0 1 5 Port 8 Virtual Channel 1
time: 384.57	mess type: 2
	From Router 0 0 0 0 to Router 0 0 1 0 Port 5 Virtual Channel 1
time: 384.57	mess type: 2
	From Router 0 0 1 0 to Router 0 0 2 0 Port 5 Virtual Channel 0
time: 385	mess type: 1
time: 385	mess type: 0
time: 385.57	mess type: 2
	From Router 0 0 0 0 to Router 0 0 1 0 Port 5 Virtual Channel 1
time: 386	mess type: 1
time: 387	mess type: 1
time: 387	mess type: 3
	From Router 0 0 2 1 to Router 0 0 2 0 Port 8 Virtual Channel 0
time: 388	mess type: 3
	From Router 0 0 2 0 to Router 0 0 1 0 Port 6 Virtual Channel 0
time: 388	mess type: 1
time: 388	mess type: 3
	From Router 0 0 2 1 to Router 0 0 2 0 Port 8 Virtual Channel 0
time: 389	mess type: 1
time: 389	mess type: 3
	From Router 0 0 1 0 to Router 0 0 0 0 Port 6 Virtual Channel 1
time: 389	mess type: 3
	From Router 0 0 2 0 to Router 0 0 1 0 Port 6 Virtual Channel 0
time: 390	mess type: 3
	From Router 0 0 1 0 to Router 0 0 0 0 Port 6 Virtual Channel 1
time: 390	mess type: 1
time: 391	mess type: 1
time: 392	mess type: 1
time: 392.57	mess type: 2
	From Router 0 0 1 6 to Router 0 0 1 7 Port 7 Virtual Channel 0
time: 393	mess type: 1
time: 393.57	mess type: 2
	From Router 0 0 1 6 to Router 0 0 1 7 Port 7 Virtual Channel 0
time: 394	mess type: 3
	From Router 0 0 1 7 to Router 0 0 1 6 Port 8 Virtual Channel 0
time: 394	mess type: 1
time: 395	mess type: 1
time: 395	mess type: 3
	From Router 0 0 1 7 to Router 0 0 1 6 Port 8 Virtual Channel 0
time: 396	mess type: 1
time: 396.57	mess type: 2
	From Router 0 0 2 1 to Router 0 0 2 2 Port 7 Virtual Channel 1
time: 397	mess type: 1
time: 397.57	mess type: 2
	From Router 0 0 2 1 to Router 0 0 2 2 Port 7 Virtual Channel 1
time: 397.57	mess type: 2
	From Router 0 0 2 0 to Router 0 0 2 1 Port 7 Virtual Channel 0
time: 398	mess type: 1
time: 398.57	mess type: 2
	From Router 0 0 2 0 to Router 0 0 2 1 Port 7 Virtual Channel 0
time: 398.57	mess type: 2
	From Router 0 0 1 0 to Router 0 0 2 0 Port 5 Virtual Channel 1
time: 399	mess type: 1
time: 399.57	mess type: 2
	From Router 0 0 1 0 to Router 0 0 2 0 Port 5 Virtual Channel 1
time: 399.57	mess type: 2
	From Router 0 0 0 0 to Router 0 0 1 0 Port 5 Virtual Channel 1
time: 400	mess type: 0
time: 400	mess type: 1
time: 400.57	mess type: 2
	From Router 0 0 0 0 to Router 0 0 1 0 Port 5 Virtual Channel 1
time: 401	mess type: 1
time: 401	mess type: 3
	From Router 0 0 2 2 to Router 0 0 2 1 Port 8 Virtual Channel 1
time: 402	mess type: 1
time: 402	mess type: 3
	From Router 0 0 2 2 to Router 0 0 2 1 Port 8 Virtual Channel 1
time: 402	mess type: 3
	From Router 0 0 2 1 to Router 0 0 2 0 Port 8 Virtual Channel 0
time: 403	mess type: 3
	From Router 0 0 2 0 to Router 0 0 1 0 Port 6 Virtual Channel 1
time: 403	mess type: 1
time: 403	mess type: 3
	From Router 0 0 2 1 to Router 0 0 2 0 Port 8 Virtual Channel 0
time: 404	mess type: 1
time: 404	mess type: 3
	From Router 0 0 1 0 to Router 0 0 0 0 Port 6 Virtual Channel 1
time: 404	mess type: 3
	From Router 0 0 2 0 to Router 0 0 1 0 Port 6 Virtual Channel 1
time: 405	mess type: 3
	From Router 0 0 1 0 to Router 0 0 0 0 Port 6 Virtual Channel 1
time: 405	mess type: 1
time: 406	mess type: 1
time: 407	mess type: 1
time: 408	mess type: 1
time: 409	mess type: 1
time: 410	mess type: 1
time: 410.57	mess type: 2
	From Router 0 0 2 2 to Router 0 0 2 3 Port 7 Virtual Channel 1
time: 411	mess type: 1
time: 411.57	mess type: 2
	From Router 0 0 2 1 to Router 0 0 2 2 Port 7 Virtual Channel 1
time: 411.57	mess type: 2
	From Router 0 0 2 2 to Router 0 0 2 3 Port 7 Virtual Channel 1
time: 412	mess type: 3
	From Router 0 0 2 3 to Router 0 0 2 2 Port 8 Virtual Channel 1
time: 412	mess type: 1
time: 412.57	mess type: 2
	From Router 0 0 2 1 to Router 0 0 2 2 Port 7 Virtual Channel 1
time: 412.57	mess type: 2
	From Router 0 0 2 0 to Router 0 0 2 1 Port 7 Virtual Channel 0
time: 413	mess type: 3
	From Router 0 0 2 3 to Router 0 0 2 2 Port 8 Virtual Channel 1
time: 413	mess type: 1
time: 413.57	mess type: 2
	From Router 0 0 0 0 to Router 0 0 1 0 Port 5 Virtual Channel 1
time: 413.57	mess type: 2
	From Router 0 0 2 0 to Router 0 0 2 1 Port 7 Virtual Channel 0
time: 413.57	mess type: 2
	From Router 0 0 1 0 to Router 0 0 2 0 Port 5 Virtual Channel 0
time: 414	mess type: 1
time: 414.57	mess type: 2
	From Router 0 0 1 0 to Router 0 0 2 0 Port 5 Virtual Channel 0
time: 414.57	mess type: 2
	From Router 0 0 0 0 to Router 0 0 1 0 Port 5 Virtual Channel 1
time: 415	mess type: 1
time: 415	mess type: 0
time: 416	mess type: 1
time: 416	mess type: 3
	From Router 0 0 2 2 to Router 0 0 2 1 Port 8 Virtual Channel 1
time: 417	mess type: 1
time: 417	mess type: 3
	From Router 0 0 2 2 to Router 0 0 2 1 Port 8 Virtual Channel 1
time: 417	mess type: 3
	From Router 0 0 2 1 to Router 0 0 2 0 Port 8 Virtual Channel 0
time: 418	mess type: 3
	From Router 0 0 1 0 to Router 0 0 0 0 Port 6 Virtual Channel 1
time: 418	mess type: 3
	From Router 0 0 2 0 to Router 0 0 1 0 Port 6 Virtual Channel 0
time: 418	mess type: 1
time: 418	mess type: 3
	From Router 0 0 2 1 to Router 0 0 2 0 Port 8 Virtual Channel 0
time: 419	mess type: 1
time: 419	mess type: 3
	From Router 0 0 1 0 to Router 0 0 0 0 Port 6 Virtual Channel 1
time: 419	mess type: 3
	From Router 0 0 2 0 to Router 0 0 1 0 Port 6 Virtual Channel 0
time: 420	mess type: 1
time: 421	mess type: 1
time: 422	mess type: 1
time: 423	mess type: 1
time: 424	mess type: 1
time: 425	mess type: 1
time: 425.57	mess type: 2
	From Router 0 0 2 2 to Router 0 0 2 3 Port 7 Virtual Channel 0
time: 426	mess type: 1
time: 426.57	mess type: 2
	From Router 0 0 2 2 to Router 0 0 2 3 Port 7 Virtual Channel 0
time: 426.57	mess type: 2
	From Router 0 0 2 1 to Router 0 0 2 2 Port 7 Virtual Channel 1
time: 427	mess type: 1
time: 427.57	mess type: 2
	From Router 0 0 1 0 to Router 0 0 2 0 Port 5 Virtual Channel 0
time: 427.57	mess type: 2
	From Router 0 0 2 1 to Router 0 0 2 2 Port 7 Virtual Channel 1
time: 427.57	mess type: 2
	From Router 0 0 2 0 to Router 0 0 2 1 Port 7 Virtual Channel 1
time: 428	mess type: 1
time: 428.57	mess type: 2
	From Router 0 0 2 0 to Router 0 0 2 1 Port 7 Virtual Channel 1
time: 428.57	mess type: 2
	From Router 0 0 1 0 to Router 0 0 2 0 Port 5 Virtual Channel 0
time: 429	mess type: 1
time: 429.57	mess type: 2
	From Router 0 0 0 0 to Router 0 0 1 0 Port 5 Virtual Channel 0
time: 430	mess type: 0
time: 430	mess type: 3
	From Router 0 0 2 3 to Router 0 0 2 2 Port 8 Virtual Channel 0
time: 430	mess type: 1
time: 430.57	mess type: 2
	From Router 0 0 0 0 to Router 0 0 1 0 Port 5 Virtual Channel 0
time: 431	mess type: 1
time: 431	mess type: 3
	From Router 0 0 2 3 to Router 0 0 2 2 Port 8 Virtual Channel 0
time: 431	mess type: 3
	From Router 0 0 2 2 to Router 0 0 2 1 Port 8 Virtual Channel 1
time: 432	mess type: 3
	From Router 0 0 2 0 to Router 0 0 1 0 Port 6 Virtual Channel 0
time: 432	mess type: 3
	From Router 0 0 2 1 to Router 0 0 2 0 Port 8 Virtual Channel 1
time: 432	mess type: 1
time: 432	mess type: 3
	From Router 0 0 2 2 to Router 0 0 2 1 Port 8 Virtual Channel 1
time: 433	mess type: 1
time: 433	mess type: 3
	From Router 0 0 2 0 to Router 0 0 1 0 Port 6 Virtual Channel 0
time: 433	mess type: 3
	From Router 0 0 2 1 to Router 0 0 2 0 Port 8 Virtual Channel 1
time: 434	mess type: 1
time: 434	mess type: 3
	From Router 0 0 1 0 to Router 0 0 0 0 Port 6 Virtual Channel 0
time: 435	mess type: 3
	From Router 0 0 1 0 to Router 0 0 0 0 Port 6 Virtual Channel 0
time: 435	mess type: 1
time: 436	mess type: 1
time: 437	mess type: 1
time: 438	mess type: 1
time: 439	mess type: 1
time: 439.57	mess type: 2
	From Router 0 0 2 3 to Router 0 0 2 4 Port 7 Virtual Channel 0
time: 440	mess type: 1
time: 440.57	mess type: 2
	From Router 0 0 2 3 to Router 0 0 2 4 Port 7 Virtual Channel 0
time: 440.57	mess type: 2
	From Router 0 0 2 2 to Router 0 0 2 3 Port 7 Virtual Channel 1
time: 441	mess type: 1
time: 441	mess type: 3
	From Router 0 0 2 4 to Router 0 0 2 3 Port 8 Virtual Channel 0
time: 441.57	mess type: 2
	From Router 0 0 2 2 to Router 0 0 2 3 Port 7 Virtual Channel 1
time: 441.57	mess type: 2
	From Router 0 0 2 0 to Router 0 0 2 1 Port 7 Virtual Channel 0
time: 441.57	mess type: 2
	From Router 0 0 2 1 to Router 0 0 2 2 Port 7 Virtual Channel 0
time: 442	mess type: 1
time: 442	mess type: 3
	From Router 0 0 2 4 to Router 0 0 2 3 Port 8 Virtual Channel 0
time: 442.57	mess type: 2
	From Router 0 0 2 1 to Router 0 0 2 2 Port 7 Virtual Channel 0
time: 442.57	mess type: 2
	From Router 0 0 2 0 to Router 0 0 2 1 Port 7 Virtual Channel 0
time: 443	mess type: 1
time: 443.57	mess type: 2
	From Router 0 0 1 0 to Router 0 0 2 0 Port 5 Virtual Channel 1
time: 443.57	mess type: 2
	From Router 0 0 0 0 to Router 0 0 1 0 Port 5 Virtual Channel 0
time: 444	mess type: 1
time: 444.57	mess type: 2
	From Router 0 0 1 0 to Router 0 0 2 0 Port 5 Virtual Channel 1
time: 444.57	mess type: 2
	From Router 0 0 0 0 to Router 0 0 1 0 Port 5 Virtual Channel 0
time: 445	mess type: 0
time: 445	mess type: 1
time: 445	mess type: 3
	From Router 0 0 2 3 to Router 0 0 2 2 Port 8 Virtual Channel 1
time: 446	mess type: 1
time: 446	mess type: 3
	From Router 0 0 2 3 to Router 0 0 2 2 Port 8 Virtual Channel 1
time: 446	mess type: 3
	From Router 0 0 2 1 to Router 0 0 2 0 Port 8 Virtual Channel 0
time: 446	mess type: 3
	From Router 0 0 2 2 to Router 0 0 2 1 Port 8 Virtual Channel 0
time: 447	mess type: 1
time: 447	mess type: 3
	From Router 0 0 2 2 to Router 0 0 2 1 Port 8 Virtual Channel 0
time: 447	mess type: 3
	From Router 0 0 2 1 to Router 0 0 2 0 Port 8 Virtual Channel 0
time: 448	mess type: 3
	From Router 0 0 2 0 to Router 0 0 1 0 Port 6 Virtual Channel 1
time: 448	mess type: 1
time: 448	mess type: 3
	From Router 0 0 1 0 to Router 0 0 0 0 Port 6 Virtual Channel 0
time: 449	mess type: 3
	From Router 0 0 2 0 to Router 0 0 1 0 Port 6 Virtual Channel 1
time: 449	mess type: 1
time: 449	mess type: 3
	From Router 0 0 1 0 to Router 0 0 0 0 Port 6 Virtual Channel 0
time: 450	mess type: 1
time: 451	mess type: 1
time: 452	mess type: 1
time: 453	mess type: 1
time: 454	mess type: 1
time: 454.57	mess type: 2
	From Router 0 0 2 3 to Router 0 0 2 4 Port 7 Virtual Channel 1
time: 455	mess type: 1
time: 455.57	mess type: 2
	From Router 0 0 2 1 to Router 0 0 2 2 Port 7 Virtual Channel 0
time: 455.57	mess type: 2
	From Router 0 0 2 2 to Router 0 0 2 3 Port 7 Virtual Channel 1
time: 455.57	mess type: 2
	From Router 0 0 2 3 to Router 0 0 2 4 Port 7 Virtual Channel 1
time: 456	mess type: 1
time: 456.57	mess type: 2
	From Router 0 0 2 2 to Router 0 0 2 3 Port 7 Virtual Channel 1
time: 456.57	mess type: 2
	From Router 0 0 2 1 to Router 0 0 2 2 Port 7 Virtual Channel 0
time: 457	mess type: 1
time: 457.57	mess type: 2
	From Router 0 0 1 0 to Router 0 0 2 0 Port 5 Virtual Channel 1
time: 457.57	mess type: 2
	From Router 0 0 2 0 to Router 0 0 3 0 Port 5 Virtual Channel 0
time: 458	mess type: 1
time: 458.57	mess type: 2
	From Router 0 0 1 0 to Router 0 0 2 0 Port 5 Virtual Channel 1
time: 458.57	mess type: 2
	From Router 0 0 0 0 to Router 0 0 1 0 Port 5 Virtual Channel 0
time: 458.57	mess type: 2
	From Router 0 0 2 0 to Router 0 0 3 0 Port 5 Virtual Channel 0
time: 459	mess type: 3
	From Router 0 0 2 4 to Router 0 0 2 3 Port 8 Virtual Channel 1
time: 459	mess type: 1
time: 459	mess type: 3
	From Router 0 0 3 0 to Router 0 0 2 0 Port 6 Virtual Channel 0
time: 459.57	mess type: 2
	From Router 0 0 0 0 to Router 0 0 1 0 Port 5 Virtual Channel 0
time: 460	mess type: 3
	From Router 0 0 2 3 to Router 0 0 2 2 Port 8 Virtual Channel 1
time: 460	mess type: 3
	From Router 0 0 3 0 to Router 0 0 2 0 Port 6 Virtual Channel 0
time: 460	mess type: 3
	From Router 0 0 2 4 to Router 0 0 2 3 Port 8 Virtual Channel 1
time: 460	mess type: 0
time: 460	mess type: 1
time: 460	mess type: 3
	From Router 0 0 2 2 to Router 0 0 2 1 Port 8 Virtual Channel 0
time: 461	mess type: 3
	From Router 0 0 2 2 to Router 0 0 2 1 Port 8 Virtual Channel 0
time: 461	mess type: 1
time: 461	mess type: 3
	From Router 0 0 2 3 to Router 0 0 2 2 Port 8 Virtual Channel 1
time: 462	mess type: 1
time: 462	mess type: 3
	From Router 0 0 2 0 to Router 0 0 1 0 Port 6 Virtual Channel 1
time: 463	mess type: 3
	From Router 0 0 2 0 to Router 0 0 1 0 Port 6 Virtual Channel 1
time: 463	mess type: 1
time: 463	mess type: 3
	From Router 0 0 1 0 to Router 0 0 0 0 Port 6 Virtual Channel 0
time: 464	mess type: 3
	From Router 0 0 1 0 to Router 0 0 0 0 Port 6 Virtual Channel 0
time: 464	mess type: 1
time: 465	mess type: 1
time: 466	mess type: 1
time: 467	mess type: 1
time: 468	mess type: 1
time: 468.57	mess type: 2
	From Router 0 0 2 4 to Router 0 0 2 5 Port 7 Virtual Channel 1
time: 469	mess type: 1
time: 469.57	mess type: 2
	From Router 0 0 2 4 to Router 0 0 2 5 Port 7 Virtual Channel 1
time: 469.57	mess type: 2
	From Router 0 0 2 3 to Router 0 0 2 4 Port 7 Virtual Channel 0
time: 469.57	mess type: 2
	From Router 0 0 2 2 to Router 0 0 2 3 Port 7 Virtual Channel 0
time: 470	mess type: 1
time: 470	mess type: 3
	From Router 0 0 2 5 to Router 0 0 2 4 Port 8 Virtual Channel 1
time: 470.57	mess type: 2
	From Router 0 0 2 3 to Router 0 0 2 4 Port 7 Virtual Channel 0
time: 470.57	mess type: 2
	From Router 0 0 2 2 to Router 0 0 2 3 Port 7 Virtual Channel 0
time: 471	mess type: 3
	From Router 0 0 2 5 to Router 0 0 2 4 Port 8 Virtual Channel 1
time: 471	mess type: 1
time: 471.57	mess type: 2
	From Router 0 0 2 0 to Router 0 0 3 0 Port 5 Virtual Channel 0
time: 472	mess type: 1
time: 472.57	mess type: 2
	From Router 0 0 2 0 to Router 0 0 3 0 Port 5 Virtual Channel 0
time: 472.57	mess type: 2
	From Router 0 0 1 0 to Router 0 0 2 0 Port 5 Virtual Channel 0
time: 473	mess type: 1
time: 473.57	mess type: 2
	From Router 0 0 0 0 to Router 0 0 1 0 Port 5 Virtual Channel 1
time: 473.57	mess type: 2
	From Router 0 0 1 0 to Router 0 0 2 0 Port 5 Virtual Channel 0
time: 474	mess type: 3
	From Router 0 0 2 3 to Router 0 0 2 2 Port 8 Virtual Channel 0
time: 474	mess type: 1
time: 474	mess type: 3
	From Router 0 0 2 4 to Router 0 0 2 3 Port 8 Virtual Channel 0
time: 474.57	mess type: 2
	From Router 0 0 0 0 to Router 0 0 1 0 Port 5 Virtual Channel 1
time: 475	mess type: 0
time: 475	mess type: 3
	From Router 0 0 2 3 to Router 0 0 2 2 Port 8 Virtual Channel 0
time: 475	mess type: 1
time: 475	mess type: 3
	From Router 0 0 2 4 to Router 0 0 2 3 Port 8 Virtual Channel 0
time: 476	mess type: 1
time: 476	mess type: 3
	From Router 0 0 3 0 to Router 0 0 2 0 Port 6 Virtual Channel 0
time: 477	mess type: 1
time: 477	mess type: 3
	From Router 0 0 2 0 to Router 0 0 1 0 Port 6 Virtual Channel 0
time: 477	mess type: 3
	From Router 0 0 3 0 to Router 0 0 2 0 Port 6 Virtual Channel 0
time: 478	mess type: 3
	From Router 0 0 2 0 to Router 0 0 1 0 Port 6 Virtual Channel 0
time: 478	mess type: 3
	From Router 0 0 1 0 to Router 0 0 0 0 Port 6 Virtual Channel 1
time: 478	mess type: 1
time: 479	mess type: 1
time: 479	mess type: 3
	From Router 0 0 1 0 to Router 0 0 0 0 Port 6 Virtual Channel 1
time: 480	mess type: 1
time: 481	mess type: 1
time: 482	mess type: 1
time: 483	mess type: 1
time: 483.57	mess type: 2
	From Router 0 0 2 4 to Router 0 0 2 5 Port 7 Virtual Channel 1
time: 483.57	mess type: 2
	From Router 0 0 2 3 to Router 0 0 2 4 Port 7 Virtual Channel 0
time: 484	mess type: 1
time: 484.57	mess type: 2
	From Router 0 0 2 4 to Router 0 0 2 5 Port 7 Virtual Channel 1
time: 484.57	mess type: 2
	From Router 0 0 2 3 to Router 0 0 2 4 Port 7 Virtual Channel 0
time: 485	mess type: 1
time: 485.57	mess type: 2
	From Router 0 0 3 0 to Router 0 0 3 1 Port 7 Virtual Channel 1
time: 486	mess type: 1
time: 486.57	mess type: 2
	From Router 0 0 3 0 to Router 0 0 3 1 Port 7 Virtual Channel 1
time: 486.57	mess type: 2
	From Router 0 0 2 0 to Router 0 0 3 0 Port 5 Virtual Channel 0
time: 487	mess type: 3
	From Router 0 0 3 1 to Router 0 0 3 0 Port 8 Virtual Channel 1
time: 487	mess type: 1
time: 487.57	mess type: 2
	From Router 0 0 2 0 to Router 0 0 3 0 Port 5 Virtual Channel 0
time: 487.57	mess type: 2
	From Router 0 0 1 0 to Router 0 0 2 0 Port 5 Virtual Channel 1
time: 488	mess type: 1
time: 488	mess type: 3
	From Router 0 0 2 5 to Router 0 0 2 4 Port 8 Virtual Channel 1
time: 488	mess type: 3
	From Router 0 0 3 1 to Router 0 0 3 0 Port 8 Virtual Channel 1
time: 488	mess type: 3
	From Router 0 0 2 4 to Router 0 0 2 3 Port 8 Virtual Channel 0
time: 488.57	mess type: 2
	From Router 0 0 1 0 to Router 0 0 2 0 Port 5 Virtual Channel 1
time: 488.57	mess type: 2
	From Router 0 0 0 0 to Router 0 0 1 0 Port 5 Virtual Channel 0
time: 489	mess type: 3
	From Router 0 0 2 5 to Router 0 0 2 4 Port 8 Virtual Channel 1
time: 489	mess type: 3
	From Router 0 0 2 4 to Router 0 0 2 3 Port 8 Virtual Channel 0
time: 489	mess type: 1
time: 489.57	mess type: 2
	From Router 0 0 0 0 to Router 0 0 1 0 Port 5 Virtual Channel 0
time: 490	mess type: 0
time: 490	mess type: 1
time: 491	mess type: 1
time: 491	mess type: 3
	From Router 0 0 3 0 to Router 0 0 2 0 Port 6 Virtual Channel 0
time: 492	mess type: 1
time: 492	mess type: 3
	From Router 0 0 2 0 to Router 0 0 1 0 Port 6 Virtual Channel 1
time: 492	mess type: 3
	From Router 0 0 3 0 to Router 0 0 2 0 Port 6 Virtual Channel 0
time: 493	mess type: 3
	From Router 0 0 2 0 to Router 0 0 1 0 Port 6 Virtual Channel 1
time: 493	mess type: 3
	From Router 0 0 1 0 to Router 0 0 0 0 Port 6 Virtual Channel 0
time: 493	mess type: 1
time: 494	mess type: 1
time: 494	mess type: 3
	From Router 0 0 1 0 to Router 0 0 0 0 Port 6 Virtual Channel 0
time: 495	mess type: 1
time: 496	mess type: 1
time: 497	mess type: 1
time: 497.57	mess type: 2
	From Router 0 0 2 4 to Router 0 0 2 5 Port 7 Virtual Channel 0
time: 497.57	mess type: 2
	From Router 0 0 2 5 to Router 0 0 2 6 Port 7 Virtual Channel 1
time: 498	mess type: 1
time: 498.57	mess type: 2
	From Router 0 0 2 5 to Router 0 0 2 6 Port 7 Virtual Channel 1
time: 498.57	mess type: 2
	From Router 0 0 2 4 to Router 0 0 2 5 Port 7 Virtual Channel 0
time: 499	mess type: 1
time: 499	mess type: 3
	From Router 0 0 2 6 to Router 0 0 2 5 Port 8 Virtual Channel 1
time: 500	mess type: 3
	From Router 0 0 2 6 to Router 0 0 2 5 Port 8 Virtual Channel 1
time: 500	mess type: 1
time: 500.57	mess type: 2
	From Router 0 0 3 0 to Router 0 0 3 1 Port 7 Virtual Channel 0
time: 501	mess type: 1
time: 501.57	mess type: 2
	From Router 0 0 3 0 to Router 0 0 3 1 Port 7 Virtual Channel 0
time: 501.57	mess type: 2
	From Router 0 0 2 0 to Router 0 0 3 0 Port 5 Virtual Channel 1
time: 502	mess type: 3
	From Router 0 0 2 5 to Router 0 0 2 4 Port 8 Virtual Channel 0
time: 502	mess type: 1
time: 502.57	mess type: 2
	From Router 0 0 2 0 to Router 0 0 3 0 Port 5 Virtual Channel 1
time: 502.57	mess type: 2
	From Router 0 0 1 0 to Router 0 0 2 0 Port 5 Virtual Channel 1
time: 503	mess type: 1
time: 503	mess type: 3
	From Router 0 0 2 5 to Router 0 0 2 4 Port 8 Virtual Channel 0
time: 503.57	mess type: 2
	From Router 0 0 1 0 to Router 0 0 2 0 Port 5 Virtual Channel 1
time: 503.57	mess type: 2
	From Router 0 0 0 0 to Router 0 0 1 0 Port 5 Virtual Channel 1
time: 504	mess type: 1
time: 504.57	mess type: 2
	From Router 0 0 0 0 to Router 0 0 1 0 Port 5 Virtual Channel 1
time: 505	mess type: 0
time: 505	mess type: 3
	From Router 0 0 3 1 to Router 0 0 3 0 Port 8 Virtual Channel 0
time: 505	mess type: 1
time: 506	mess type: 1
time: 506	mess type: 3
	From Router 0 0 3 1 to Router 0 0 3 0 Port 8 Virtual Channel 0
time: 506	mess type: 3
	From Router 0 0 3 0 to Router 0 0 2 0 Port 6 Virtual Channel 1
time: 507	mess type: 1
time: 507	mess type: 3
	From Router 0 0 3 0 to Router 0 0 2 0 Port 6 Virtual Channel 1
time: 507	mess type: 3
	From Router 0 0 2 0 to Router 0 0 1 0 Port 6 Virtual Channel 1
time: 508	mess type: 3
	From Router 0 0 2 0 to Router 0 0 1 0 Port 6 Virtual Channel 1
time: 508	mess type: 3
	From Router 0 0 1 0 to Router 0 0 0 0 Port 6 Virtual Channel 1
time: 508	mess type: 1
time: 509	mess type: 1
time: 509	mess type: 3
	From Router 0 0 1 0 to Router 0 0 0 0 Port 6 Virtual Channel 1
time: 510	mess type: 1
time: 511	mess type: 1
time: 511.57	mess type: 2
	From Router 0 0 2 5 to Router 0 0 2 6 Port 7 Virtual Channel 0
time: 512	mess type: 1
time: 512.57	mess type: 2
	From Router 0 0 2 5 to Router 0 0 2 6 Port 7 Virtual Channel 0
time: 513	mess type: 1
time: 514	mess type: 1
time: 514.57	mess type: 2
	From Router 0 0 3 1 to Router 0 0 3 2 Port 7 Virtual Channel 1
time: 515	mess type: 1
time: 515.57	mess type: 2
	From Router 0 0 3 1 to Router 0 0 3 2 Port 7 Virtual Channel 1
time: 515.57	mess type: 2
	From Router 0 0 3 0 to Router 0 0 3 1 Port 7 Virtual Channel 1
time: 516	mess type: 3
	From Router 0 0 2 6 to Router 0 0 2 5 Port 8 Virtual Channel 0
time: 516	mess type: 3
	From Router 0 0 3 2 to Router 0 0 3 1 Port 8 Virtual Channel 1
time: 516	mess type: 1
time: 516.57	mess type: 2
	From Router 0 0 3 0 to Router 0 0 3 1 Port 7 Virtual Channel 1
time: 516.57	mess type: 2
	From Router 0 0 2 0 to Router 0 0 3 0 Port 5 Virtual Channel 1
time: 517	mess type: 3
	From Router 0 0 3 2 to Router 0 0 3 1 Port 8 Virtual Channel 1
time: 517	mess type: 3
	From Router 0 0 2 6 to Router 0 0 2 5 Port 8 Virtual Channel 0
time: 517	mess type: 1
time: 517.57	mess type: 2
	From Router 0 0 2 0 to Router 0 0 3 0 Port 5 Virtual Channel 1
time: 517.57	mess type: 2
	From Router 0 0 1 0 to Router 0 0 2 0 Port 5 Virtual Channel 0
time: 518	mess type: 1
time: 518.57	mess type: 2
	From Router 0 0 1 0 to Router 0 0 2 0 Port 5 Virtual Channel 0
time: 518.57	mess type: 2
	From Router 0 0 0 0 to Router 0 0 1 0 Port 5 Virtual Channel 0
time: 519	mess type: 1
time: 519.57	mess type: 2
	From Router 0 0 0 0 to Router 0 0 1 0 Port 5 Virtual Channel 0
time: 520	mess type: 0
time: 520	mess type: 3
	From Router 0 0 3 1 to Router 0 0 3 0 Port 8 Virtual Channel 1
time: 520	mess type: 1
time: 521	mess type: 1
time: 521	mess type: 3
	From Router 0 0 3 1 to Router 0 0 3 0 Port 8 Virtual Channel 1
time: 521	mess type: 3
	From Router 0 0 3 0 to Router 0 0 2 0 Port 6 Virtual Channel 1
time: 522	mess type: 1
time: 522	mess type: 3
	From Router 0 0 3 0 to Router 0 0 2 0 Port 6 Virtual Channel 1
time: 522	mess type: 3
	From Router 0 0 2 0 to Router 0 0 1 0 Port 6 Virtual Channel 0
time: 523	mess type: 3
	From Router 0 0 2 0 to Router 0 0 1 0 Port 6 Virtual Channel 0
time: 523	mess type: 3
	From Router 0 0 1 0 to Router 0 0 0 0 Port 6 Virtual Channel 0
time: 523	mess type: 1
time: 524	mess type: 1
time: 524	mess type: 3
	From Router 0 0 1 0 to Router 0 0 0 0 Port 6 Virtual Channel 0
time: 525	mess type: 1
time: 525.57	mess type: 2
	From Router 0 0 2 6 to Router 0 0 2 7 Port 7 Virtual Channel 0
time: 526	mess type: 1
time: 526.57	mess type: 2
	From Router 0 0 2 6 to Router 0 0 2 7 Port 7 Virtual Channel 0
time: 527	mess type: 1
time: 527	mess type: 3
	From Router 0 0 2 7 to Router 0 0 2 6 Port 8 Virtual Channel 0
time: 528	mess type: 1
time: 528	mess type: 3
	From Router 0 0 2 7 to Router 0 0 2 6 Port 8 Virtual Channel 0
time: 529	mess type: 1
time: 529.57	mess type: 2
	From Router 0 0 3 1 to Router 0 0 3 2 Port 7 Virtual Channel 0
time: 530	mess type: 1
time: 530.57	mess type: 2
	From Router 0 0 3 1 to Router 0 0 3 2 Port 7 Virtual Channel 0
time: 530.57	mess type: 2
	From Router 0 0 3 0 to Router 0 0 3 1 Port 7 Virtual Channel 0
time: 531	mess type: 1
time: 531.57	mess type: 2
	From Router 0 0 3 0 to Router 0 0 3 1 Port 7 Virtual Channel 0
time: 531.57	mess type: 2
	From Router 0 0 2 0 to Router 0 0 3 0 Port 5 Virtual Channel 0
time: 532	mess type: 1
time: 532.57	mess type: 2
	From Router 0 0 2 0 to Router 0 0 3 0 Port 5 Virtual Channel 0
time: 532.57	mess type: 2
	From Router 0 0 1 0 to Router 0 0 2 0 Port 5 Virtual Channel 0
time: 533	mess type: 1
time: 533.57	mess type: 2
	From Router 0 0 0 0 to Router 0 0 1 0 Port 5 Virtual Channel 1
time: 533.57	mess type: 2
	From Router 0 0 1 0 to Router 0 0 2 0 Port 5 Virtual Channel 0
time: 534	mess type: 3
	From Router 0 0 3 2 to Router 0 0 3 1 Port 8 Virtual Channel 0
time: 534	mess type: 1
time: 534.57	mess type: 2
	From Router 0 0 0 0 to Router 0 0 1 0 Port 5 Virtual Channel 1
time: 535	mess type: 1
time: 535	mess type: 3
	From Router 0 0 3 2 to Router 0 0 3 1 Port 8 Virtual Channel 0
time: 535	mess type: 0
time: 535	mess type: 3
	From Router 0 0 3 1 to Router 0 0 3 0 Port 8 Virtual Channel 0
time: 536	mess type: 3
	From Router 0 0 3 0 to Router 0 0 2 0 Port 6 Virtual Channel 0
time: 536	mess type: 1
time: 536	mess type: 3
	From Router 0 0 3 1 to Router 0 0 3 0 Port 8 Virtual Channel 0
time: 537	mess type: 1
time: 537	mess type: 3
	From Router 0 0 2 0 to Router 0 0 1 0 Port 6 Virtual Channel 0
time: 537	mess type: 3
	From Router 0 0 3 0 to Router 0 0 2 0 Port 6 Virtual Channel 0
time: 538	mess type: 3
	From Router 0 0 2 0 to Router 0 0 1 0 Port 6 Virtual Channel 0
time: 538	mess type: 3
	From Router 0 0 1 0 to Router 0 0 0 0 Port 6 Virtual Channel 1
time: 538	mess type: 1
time: 539	mess type: 1
time: 539	mess type: 3
	From Router 0 0 1 0 to Router 0 0 0 0 Port 6 Virtual Channel 1
time: 540	mess type: 1
time: 541	mess type: 1
time: 542	mess type: 1
time: 543	mess type: 1
time: 543.57	mess type: 2
	From Router 0 0 3 2 to Router 0 0 3 3 Port 7 Virtual Channel 0
time: 544	mess type: 1
time: 544.57	mess type: 2
	From Router 0 0 3 1 to Router 0 0 3 2 Port 7 Virtual Channel 0
time: 544.57	mess type: 2
	From Router 0 0 3 2 to Router 0 0 3 3 Port 7 Virtual Channel 0
time: 545	mess type: 1
time: 545	mess type: 3
	From Router 0 0 3 3 to Router 0 0 3 2 Port 8 Virtual Channel 0
time: 545.57	mess type: 2
	From Router 0 0 3 1 to Router 0 0 3 2 Port 7 Virtual Channel 0
time: 545.57	mess type: 2
	From Router 0 0 3 0 to Router 0 0 3 1 Port 7 Virtual Channel 0
time: 546	mess type: 1
time: 546	mess type: 3
	From Router 0 0 3 3 to Router 0 0 3 2 Port 8 Virtual Channel 0
time: 546.57	mess type: 2
	From Router 0 0 3 0 to Router 0 0 3 1 Port 7 Virtual Channel 0
time: 546.57	mess type: 2
	From Router 0 0 2 0 to Router 0 0 3 0 Port 5 Virtual Channel 1
time: 547	mess type: 1
time: 547.57	mess type: 2
	From Router 0 0 1 0 to Router 0 0 2 0 Port 5 Virtual Channel 1
time: 547.57	mess type: 2
	From Router 0 0 2 0 to Router 0 0 3 0 Port 5 Virtual Channel 1
time: 548	mess type: 1
time: 548.57	mess type: 2
	From Router 0 0 1 0 to Router 0 0 2 0 Port 5 Virtual Channel 1
time: 549	mess type: 3
	From Router 0 0 3 2 to Router 0 0 3 1 Port 8 Virtual Channel 0
time: 549	mess type: 1
time: 549.57	mess type: 2
	From Router 0 0 0 0 to Router 0 0 1 0 Port 5 Virtual Channel 0
time: 550	mess type: 0
time: 550	mess type: 3
	From Router 0 0 3 2 to Router 0 0 3 1 Port 8 Virtual Channel 0
time: 550	mess type: 1
time: 550	mess type: 3
	From Router 0 0 3 1 to Router 0 0 3 0 Port 8 Virtual Channel 0
time: 550.57	mess type: 2
	From Router 0 0 0 0 to Router 0 0 1 0 Port 5 Virtual Channel 0
time: 551	mess type: 3
	From Router 0 0 3 0 to Router 0 0 2 0 Port 6 Virtual Channel 1
time: 551	mess type: 1
time: 551	mess type: 3
	From Router 0 0 3 1 to Router 0 0 3 0 Port 8 Virtual Channel 0
time: 552	mess type: 1
time: 552	mess type: 3
	From Router 0 0 2 0 to Router 0 0 1 0 Port 6 Virtual Channel 1
time: 552	mess type: 3
	From Router 0 0 3 0 to Router 0 0 2 0 Port 6 Virtual Channel 1
time: 553	mess type: 3
	From Router 0 0 2 0 to Router 0 0 1 0 Port 6 Virtual Channel 1
time: 553	mess type: 1
time: 554	mess type: 1
time: 554	mess type: 3
	From Router 0 0 1 0 to Router 0 0 0 0 Port 6 Virtual Channel 0
time: 555	mess type: 3
	From Router 0 0 1 0 to Router 0 0 0 0 Port 6 Virtual Channel 0
time: 555	mess type: 1
time: 556	mess type: 1
time: 557	mess type: 1
time: 558	mess type: 1
time: 558.57	mess type: 2
	From Router 0 0 3 2 to Router 0 0 3 3 Port 7 Virtual Channel 1
time: 559	mess type: 1
time: 559.57	mess type: 2
	From Router 0 0 3 1 to Router 0 0 3 2 Port 7 Virtual Channel 1
time: 559.57	mess type: 2
	From Router 0 0 3 2 to Router 0 0 3 3 Port 7 Virtual Channel 1
time: 560	mess type: 1
time: 560.57	mess type: 2
	From Router 0 0 3 1 to Router 0 0 3 2 Port 7 Virtual Channel 1
time: 560.57	mess type: 2
	From Router 0 0 3 0 to Router 0 0 3 1 Port 7 Virtual Channel 1
time: 561	mess type: 1
time: 561.57	mess type: 2
	From Router 0 0 3 0 to Router 0 0 3 1 Port 7 Virtual Channel 1
time: 561.57	mess type: 2
	From Router 0 0 2 0 to Router 0 0 3 0 Port 5 Virtual Channel 1
time: 562	mess type: 1
time: 562.57	mess type: 2
	From Router 0 0 2 0 to Router 0 0 3 0 Port 5 Virtual Channel 1
time: 563	mess type: 1
time: 563	mess type: 3
	From Router 0 0 3 3 to Router 0 0 3 2 Port 8 Virtual Channel 1
time: 563.57	mess type: 2
	From Router 0 0 1 0 to Router 0 0 2 0 Port 5 Virtual Channel 0
time: 563.57	mess type: 2
	From Router 0 0 0 0 to Router 0 0 1 0 Port 5 Virtual Channel 1
time: 564	mess type: 1
time: 564	mess type: 3
	From Router 0 0 3 3 to Router 0 0 3 2 Port 8 Virtual Channel 1
time: 564	mess type: 3
	From Router 0 0 3 2 to Router 0 0 3 1 Port 8 Virtual Channel 1
time: 564.57	mess type: 2
	From Router 0 0 0 0 to Router 0 0 1 0 Port 5 Virtual Channel 1
time: 564.57	mess type: 2
	From Router 0 0 1 0 to Router 0 0 2 0 Port 5 Virtual Channel 0
time: 565	mess type: 1
time: 565	mess type: 0
time: 565	mess type: 3
	From Router 0 0 3 2 to Router 0 0 3 1 Port 8 Virtual Channel 1
time: 565	mess type: 3
	From Router 0 0 3 1 to Router 0 0 3 0 Port 8 Virtual Channel 1
time: 566	mess type: 1
time: 566	mess type: 3
	From Router 0 0 3 1 to Router 0 0 3 0 Port 8 Virtual Channel 1
time: 566	mess type: 3
	From Router 0 0 3 0 to Router 0 0 2 0 Port 6 Virtual Channel 1
time: 567	mess type: 3
	From Router 0 0 3 0 to Router 0 0 2 0 Port 6 Virtual Channel 1
time: 567	mess type: 1
time: 568	mess type: 1
time: 568	mess type: 3
	From Router 0 0 1 0 to Router 0 0 0 0 Port 6 Virtual Channel 1
time: 568	mess type: 3
	From Router 0 0 2 0 to Router 0 0 1 0 Port 6 Virtual Channel 0
time: 569	mess type: 1
time: 569	mess type: 3
	From Router 0 0 1 0 to Router 0 0 0 0 Port 6 Virtual Channel 1
time: 569	mess type: 3
	From Router 0 0 2 0 to Router 0 0 1 0 Port 6 Virtual Channel 0
time: 570	mess type: 1
time: 571	mess type: 1
time: 572	mess type: 1
time: 572.57	mess type: 2
	From Router 0 0 3 3 to Router 0 0 3 4 Port 7 Virtual Channel 0
time: 573	mess type: 1
time: 573.57	mess type: 2
	From Router 0 0 3 3 to Router 0 0 3 4 Port 7 Virtual Channel 0
time: 573.57	mess type: 2
	From Router 0 0 3 2 to Router 0 0 3 3 Port 7 Virtual Channel 0
time: 574	mess type: 1
time: 574	mess type: 3
	From Router 0 0 3 4 to Router 0 0 3 3 Port 8 Virtual Channel 0
time: 574.57	mess type: 2
	From Router 0 0 3 2 to Router 0 0 3 3 Port 7 Virtual Channel 0
time: 574.57	mess type: 2
	From Router 0 0 3 1 to Router 0 0 3 2 Port 7 Virtual Channel 0
time: 575	mess type: 1
time: 575	mess type: 3
	From Router 0 0 3 4 to Router 0 0 3 3 Port 8 Virtual Channel 0
time: 575.57	mess type: 2
	From Router 0 0 3 0 to Router 0 0 3 1 Port 7 Virtual Channel 1
time: 575.57	mess type: 2
	From Router 0 0 3 1 to Router 0 0 3 2 Port 7 Virtual Channel 0
time: 576	mess type: 1
time: 576.57	mess type: 2
	From Router 0 0 3 0 to Router 0 0 3 1 Port 7 Virtual Channel 1
time: 577	mess type: 1
time: 577.57	mess type: 2
	From Router 0 0 1 0 to Router 0 0 2 0 Port 5 Virtual Channel 0
time: 577.57	mess type: 2
	From Router 0 0 2 0 to Router 0 0 3 0 Port 5 Virtual Channel 0
time: 578	mess type: 1
time: 578	mess type: 3
	From Router 0 0 3 3 to Router 0 0 3 2 Port 8 Virtual Channel 0
time: 578.57	mess type: 2
	From Router 0 0 2 0 to Router 0 0 3 0 Port 5 Virtual Channel 0
time: 578.57	mess type: 2
	From Router 0 0 1 0 to Router 0 0 2 0 Port 5 Virtual Channel 0
time: 579	mess type: 1
time: 579	mess type: 3
	From Router 0 0 3 3 to Router 0 0 3 2 Port 8 Virtual Channel 0
time: 579	mess type: 3
	From Router 0 0 3 2 to Router 0 0 3 1 Port 8 Virtual Channel 0
time: 579.57	mess type: 2
	From Router 0 0 0 0 to Router 0 0 1 0 Port 5 Virtual Channel 0
time: 580	mess type: 1
time: 580	mess type: 3
	From Router 0 0 3 2 to Router 0 0 3 1 Port 8 Virtual Channel 0
time: 580	mess type: 0
time: 580	mess type: 3
	From Router 0 0 3 1 to Router 0 0 3 0 Port 8 Virtual Channel 1
time: 580.57	mess type: 2
	From Router 0 0 0 0 to Router 0 0 1 0 Port 5 Virtual Channel 0
time: 581	mess type: 3
	From Router 0 0 3 1 to Router 0 0 3 0 Port 8 Virtual Channel 1
time: 581	mess type: 1
time: 582	mess type: 1
time: 582	mess type: 3
	From Router 0 0 2 0 to Router 0 0 1 0 Port 6 Virtual Channel 0
time: 582	mess type: 3
	From Router 0 0 3 0 to Router 0 0 2 0 Port 6 Virtual Channel 0
time: 583	mess type: 3
	From Router 0 0 2 0 to Router 0 0 1 0 Port 6 Virtual Channel 0
time: 583	mess type: 3
	From Router 0 0 3 0 to Router 0 0 2 0 Port 6 Virtual Channel 0
time: 583	mess type: 1
time: 584	mess type: 1
time: 584	mess type: 3
	From Router 0 0 1 0 to Router 0 0 0 0 Port 6 Virtual Channel 0
time: 585	mess type: 1
time: 585	mess type: 3
	From Router 0 0 1 0 to Router 0 0 0 0 Port 6 Virtual Channel 0
time: 586	mess type: 1
time: 587	mess type: 1
time: 587.57	mess type: 2
	From Router 0 0 3 3 to Router 0 0 3 4 Port 7 Virtual Channel 0
time: 588	mess type: 1
time: 588.57	mess type: 2
	From Router 0 0 3 2 to Router 0 0 3 3 Port 7 Virtual Channel 1
time: 588.57	mess type: 2
	From Router 0 0 3 3 to Router 0 0 3 4 Port 7 Virtual Channel 0
time: 589	mess type: 1
time: 589.57	mess type: 2
	From Router 0 0 3 1 to Router 0 0 3 2 Port 7 Virtual Channel 0
time: 589.57	mess type: 2
	From Router 0 0 3 2 to Router 0 0 3 3 Port 7 Virtual Channel 1
time: 590	mess type: 1
time: 590.57	mess type: 2
	From Router 0 0 3 1 to Router 0 0 3 2 Port 7 Virtual Channel 0
time: 591	mess type: 1
time: 591.57	mess type: 2
	From Router 0 0 3 0 to Router 0 0 4 0 Port 5 Virtual Channel 1
time: 591.57	mess type: 2
	From Router 0 0 2 0 to Router 0 0 3 0 Port 5 Virtual Channel 1
time: 592	mess type: 1
time: 592	mess type: 3
	From Router 0 0 3 4 to Router 0 0 3 3 Port 8 Virtual Channel 0
time: 592.57	mess type: 2
	From Router 0 0 2 0 to Router 0 0 3 0 Port 5 Virtual Channel 1
time: 592.57	mess type: 2
	From Router 0 0 3 0 to Router 0 0 4 0 Port 5 Virtual Channel 1
time: 593	mess type: 3
	From Router 0 0 3 4 to Router 0 0 3 3 Port 8 Virtual Channel 0
time: 593	mess type: 3
	From Router 0 0 4 0 to Router 0 0 3 0 Port 6 Virtual Channel 1
time: 593	mess type: 3
	From Router 0 0 3 3 to Router 0 0 3 2 Port 8 Virtual Channel 1
time: 593	mess type: 1
time: 593.57	mess type: 2
	From Router 0 0 1 0 to Router 0 0 2 0 Port 5 Virtual Channel 1
time: 594	mess type: 1
time: 594	mess type: 3
	From Router 0 0 4 0 to Router 0 0 3 0 Port 6 Virtual Channel 1
time: 594	mess type: 3
	From Router 0 0 3 2 to Router 0 0 3 1 Port 8 Virtual Channel 0
time: 594	mess type: 3
	From Router 0 0 3 3 to Router 0 0 3 2 Port 8 Virtual Channel 1
time: 594.57	mess type: 2
	From Router 0 0 0 0 to Router 0 0 1 0 Port 5 Virtual Channel 1
time: 594.57	mess type: 2
	From Router 0 0 1 0 to Router 0 0 2 0 Port 5 Virtual Channel 1
time: 595	mess type: 0
time: 595	mess type: 3
	From Router 0 0 3 2 to Router 0 0 3 1 Port 8 Virtual Channel 0
time: 595	mess type: 1
time: 595.57	mess type: 2
	From Router 0 0 0 0 to Router 0 0 1 0 Port 5 Virtual Channel 1
time: 596	mess type: 1
time: 596	mess type: 3
	From Router 0 0 3 0 to Router 0 0 2 0 Port 6 Virtual Channel 1
time: 597	mess type: 1
time: 597	mess type: 3
	From Router 0 0 3 0 to Router 0 0 2 0 Port 6 Virtual Channel 1
time: 598	mess type: 1
time: 598	mess type: 3
	From Router 0 0 2 0 to Router 0 0 1 0 Port 6 Virtual Channel 1
time: 599	mess type: 3
	From Router 0 0 1 0 to Router 0 0 0 0 Port 6 Virtual Channel 1
time: 599	mess type: 3
	From Router 0 0 2 0 to Router 0 0 1 0 Port 6 Virtual Channel 1
time: 599	mess type: 1
time: 600	mess type: 1
time: 600	mess type: 3
	From Router 0 0 1 0 to Router 0 0 0 0 Port 6 Virtual Channel 1
time: 601	mess type: 1
time: 601.57	mess type: 2
	From Router 0 0 3 4 to Router 0 0 3 5 Port 7 Virtual Channel 0
time: 602	mess type: 1
time: 602.57	mess type: 2
	From Router 0 0 3 3 to Router 0 0 3 4 Port 7 Virtual Channel 0
time: 602.57	mess type: 2
	From Router 0 0 3 4 to Router 0 0 3 5 Port 7 Virtual Channel 0
time: 603	mess type: 1
time: 603	mess type: 3
	From Router 0 0 3 5 to Router 0 0 3 4 Port 8 Virtual Channel 0
time: 603.57	mess type: 2
	From Router 0 0 3 3 to Router 0 0 3 4 Port 7 Virtual Channel 0
time: 603.57	mess type: 2
	From Router 0 0 3 2 to Router 0 0 3 3 Port 7 Virtual Channel 1
time: 604	mess type: 1
time: 604	mess type: 3
	From Router 0 0 3 5 to Router 0 0 3 4 Port 8 Virtual Channel 0
time: 604.57	mess type: 2
	From Router 0 0 3 2 to Router 0 0 3 3 Port 7 Virtual Channel 1
time: 605	mess type: 1
time: 605.57	mess type: 2
	From Router 0 0 3 0 to Router 0 0 4 0 Port 5 Virtual Channel 0
time: 606	mess type: 1
time: 606.57	mess type: 2
	From Router 0 0 3 0 to Router 0 0 4 0 Port 5 Virtual Channel 0
time: 607	mess type: 1
time: 607	mess type: 3
	From Router 0 0 3 4 to Router 0 0 3 3 Port 8 Virtual Channel 0
time: 607.57	mess type: 2
	From Router 0 0 2 0 to Router 0 0 3 0 Port 5 Virtual Channel 0
time: 608	mess type: 3
	From Router 0 0 3 4 to Router 0 0 3 3 Port 8 Virtual Channel 0
time: 608	mess type: 3
	From Router 0 0 3 3 to Router 0 0 3 2 Port 8 Virtual Channel 1
time: 608	mess type: 1
time: 608.57	mess type: 2
	From Router 0 0 1 0 to Router 0 0 2 0 Port 5 Virtual Channel 0
time: 608.57	mess type: 2
	From Router 0 0 2 0 to Router 0 0 3 0 Port 5 Virtual Channel 0
time: 608.57	mess type: 2
	From Router 0 0 0 0 to Router 0 0 1 0 Port 5 Virtual Channel 0
time: 609	mess type: 3
	From Router 0 0 3 3 to Router 0 0 3 2 Port 8 Virtual Channel 1
time: 609	mess type: 1
time: 609.57	mess type: 2
	From Router 0 0 1 0 to Router 0 0 2 0 Port 5 Virtual Channel 0
time: 609.57	mess type: 2
	From Router 0 0 0 0 to Router 0 0 1 0 Port 5 Virtual Channel 0
time: 610	mess type: 1
time: 610	mess type: 0
time: 610	mess type: 3
	From Router 0 0 4 0 to Router 0 0 3 0 Port 6 Virtual Channel 0
time: 611	mess type: 1
time: 611	mess type: 3
	From Router 0 0 4 0 to Router 0 0 3 0 Port 6 Virtual Channel 0
time: 612	mess type: 1
time: 612	mess type: 3
	From Router 0 0 3 0 to Router 0 0 2 0 Port 6 Virtual Channel 0
time: 613	mess type: 3
	From Router 0 0 3 0 to Router 0 0 2 0 Port 6 Virtual Channel 0
time: 613	mess type: 1
time: 613	mess type: 3
	From Router 0 0 1 0 to Router 0 0 0 0 Port 6 Virtual Channel 0
time: 613	mess type: 3
	From Router 0 0 2 0 to Router 0 0 1 0 Port 6 Virtual Channel 0
time: 614	mess type: 3
	From Router 0 0 1 0 to Router 0 0 0 0 Port 6 Virtual Channel 0
time: 614	mess type: 3
	From Router 0 0 2 0 to Router 0 0 1 0 Port 6 Virtual Channel 0
time: 614	mess type: 1
time: 615	mess type: 1
time: 616	mess type: 1
time: 616.57	mess type: 2
	From Router 0 0 3 4 to Router 0 0 3 5 Port 7 Virtual Channel 1
time: 617	mess type: 1
time: 617.57	mess type: 2
	From Router 0 0 3 3 to Router 0 0 3 4 Port 7 Virtual Channel 1
time: 617.57	mess type: 2
	From Router 0 0 3 4 to Router 0 0 3 5 Port 7 Virtual Channel 1
time: 618	mess type: 1
time: 618.57	mess type: 2
	From Router 0 0 3 3 to Router 0 0 3 4 Port 7 Virtual Channel 1
time: 619	mess type: 1
time: 619.57	mess type: 2
	From Router 0 0 4 0 to Router 0 0 4 1 Port 7 Virtual Channel 1
time: 620	mess type: 1
time: 620.57	mess type: 2
	From Router 0 0 4 0 to Router 0 0 4 1 Port 7 Virtual Channel 1
time: 621	mess type: 3
	From Router 0 0 3 5 to Router 0 0 3 4 Port 8 Virtual Channel 1
time: 621	mess type: 3
	From Router 0 0 4 1 to Router 0 0 4 0 Port 8 Virtual Channel 1
time: 621	mess type: 1
time: 621.57	mess type: 2
	From Router 0 0 3 0 to Router 0 0 4 0 Port 5 Virtual Channel 1
time: 622	mess type: 3
	From Router 0 0 3 5 to Router 0 0 3 4 Port 8 Virtual Channel 1
time: 622	mess type: 3
	From Router 0 0 4 1 to Router 0 0 4 0 Port 8 Virtual Channel 1
time: 622	mess type: 1
time: 622	mess type: 3
	From Router 0 0 3 4 to Router 0 0 3 3 Port 8 Virtual Channel 1
time: 622.57	mess type: 2
	From Router 0 0 1 0 to Router 0 0 2 0 Port 5 Virtual Channel 1
time: 622.57	mess type: 2
	From Router 0 0 3 0 to Router 0 0 4 0 Port 5 Virtual Channel 1
time: 622.57	mess type: 2
	From Router 0 0 2 0 to Router 0 0 3 0 Port 5 Virtual Channel 1
time: 623	mess type: 3
	From Router 0 0 3 4 to Router 0 0 3 3 Port 8 Virtual Channel 1
time: 623	mess type: 1
time: 623.57	mess type: 2
	From Router 0 0 1 0 to Router 0 0 2 0 Port 5 Virtual Channel 1
time: 623.57	mess type: 2
	From Router 0 0 2 0 to Router 0 0 3 0 Port 5 Virtual Channel 1
time: 624	mess type: 1
time: 624.57	mess type: 2
	From Router 0 0 0 0 to Router 0 0 1 0 Port 5 Virtual Channel 0
time: 625	mess type: 0
time: 625	mess type: 1
time: 625.57	mess type: 2
	From Router 0 0 0 0 to Router 0 0 1 0 Port 5 Virtual Channel 0
time: 626	mess type: 1
time: 626	mess type: 3
	From Router 0 0 4 0 to Router 0 0 3 0 Port 6 Virtual Channel 1
time: 627	mess type: 1
time: 627	mess type: 3
	From Router 0 0 2 0 to Router 0 0 1 0 Port 6 Virtual Channel 1
time: 627	mess type: 3
	From Router 0 0 4 0 to Router 0 0 3 0 Port 6 Virtual Channel 1
time: 627	mess type: 3
	From Router 0 0 3 0 to Router 0 0 2 0 Port 6 Virtual Channel 1
time: 628	mess type: 3
	From Router 0 0 2 0 to Router 0 0 1 0 Port 6 Virtual Channel 1
time: 628	mess type: 3
	From Router 0 0 3 0 to Router 0 0 2 0 Port 6 Virtual Channel 1
time: 628	mess type: 1
time: 629	mess type: 1
time: 629	mess type: 3
	From Router 0 0 1 0 to Router 0 0 0 0 Port 6 Virtual Channel 0
time: 630	mess type: 1
time: 630	mess type: 3
	From Router 0 0 1 0 to Router 0 0 0 0 Port 6 Virtual Channel 0
time: 630.57	mess type: 2
	From Router 0 0 3 5 to Router 0 0 3 6 Port 7 Virtual Channel 0
time: 631	mess type: 1
time: 631.57	mess type: 2
	From Router 0 0 3 4 to Router 0 0 3 5 Port 7 Virtual Channel 0
time: 631.57	mess type: 2
	From Router 0 0 3 5 to Router 0 0 3 6 Port 7 Virtual Channel 0
time: 632	mess type: 1
time: 632	mess type: 3
	From Router 0 0 3 6 to Router 0 0 3 5 Port 8 Virtual Channel 0
time: 632.57	mess type: 2
	From Router 0 0 3 4 to Router 0 0 3 5 Port 7 Virtual Channel 0
time: 633	mess type: 1
time: 633	mess type: 3
	From Router 0 0 3 6 to Router 0 0 3 5 Port 8 Virtual Channel 0
time: 634	mess type: 1
time: 635	mess type: 1
time: 635.57	mess type: 2
	From Router 0 0 4 0 to Router 0 0 4 1 Port 7 Virtual Channel 0
time: 636	mess type: 1
time: 636	mess type: 3
	From Router 0 0 3 5 to Router 0 0 3 4 Port 8 Virtual Channel 0
time: 636.57	mess type: 2
	From Router 0 0 2 0 to Router 0 0 3 0 Port 5 Virtual Channel 1
time: 636.57	mess type: 2
	From Router 0 0 3 0 to Router 0 0 4 0 Port 5 Virtual Channel 1
time: 636.57	mess type: 2
	From Router 0 0 4 0 to Router 0 0 4 1 Port 7 Virtual Channel 0
time: 637	mess type: 3
	From Router 0 0 3 5 to Router 0 0 3 4 Port 8 Virtual Channel 0
time: 637	mess type: 1
time: 637.57	mess type: 2
	From Router 0 0 3 0 to Router 0 0 4 0 Port 5 Virtual Channel 1
time: 637.57	mess type: 2
	From Router 0 0 2 0 to Router 0 0 3 0 Port 5 Virtual Channel 1
time: 638	mess type: 1
time: 638.57	mess type: 2
	From Router 0 0 0 0 to Router 0 0 1 0 Port 5 Virtual Channel 1
time: 638.57	mess type: 2
	From Router 0 0 1 0 to Router 0 0 2 0 Port 5 Virtual Channel 1
time: 639	mess type: 1
time: 639.57	mess type: 2
	From Router 0 0 1 0 to Router 0 0 2 0 Port 5 Virtual Channel 1
time: 639.57	mess type: 2
	From Router 0 0 0 0 to Router 0 0 1 0 Port 5 Virtual Channel 1
time: 640	mess type: 1
time: 640	mess type: 3
	From Router 0 0 4 1 to Router 0 0 4 0 Port 8 Virtual Channel 0
time: 640	mess type: 0
time: 641	mess type: 3
	From Router 0 0 3 0 to Router 0 0 2 0 Port 6 Virtual Channel 1
time: 641	mess type: 3
	From Router 0 0 4 0 to Router 0 0 3 0 Port 6 Virtual Channel 1
time: 641	mess type: 1
time: 641	mess type: 3
	From Router 0 0 4 1 to Router 0 0 4 0 Port 8 Virtual Channel 0
time: 642	mess type: 1
time: 642	mess type: 3
	From Router 0 0 3 0 to Router 0 0 2 0 Port 6 Virtual Channel 1
time: 642	mess type: 3
	From Router 0 0 4 0 to Router 0 0 3 0 Port 6 Virtual Channel 1
time: 643	mess type: 3
	From Router 0 0 2 0 to Router 0 0 1 0 Port 6 Virtual Channel 1
time: 643	mess type: 1
time: 643	mess type: 3
	From Router 0 0 1 0 to Router 0 0 0 0 Port 6 Virtual Channel 1
time: 644	mess type: 3
	From Router 0 0 1 0 to Router 0 0 0 0 Port 6 Virtual Channel 1
time: 644	mess type: 3
	From Router 0 0 2 0 to Router 0 0 1 0 Port 6 Virtual Channel 1
time: 644	mess type: 1
time: 645	mess type: 1
time: 645.57	mess type: 2
	From Router 0 0 3 5 to Router 0 0 3 6 Port 7 Virtual Channel 0
time: 646	mess type: 1
time: 646.57	mess type: 2
	From Router 0 0 3 5 to Router 0 0 3 6 Port 7 Virtual Channel 0
time: 647	mess type: 1
time: 648	mess type: 1
time: 649	mess type: 1
time: 649.57	mess type: 2
	From Router 0 0 4 1 to Router 0 0 4 2 Port 7 Virtual Channel 0
time: 650	mess type: 1
time: 650	mess type: 3
	From Router 0 0 3 6 to Router 0 0 3 5 Port 8 Virtual Channel 0
time: 650.57	mess type: 2
	From Router 0 0 3 0 to Router 0 0 4 0 Port 5 Virtual Channel 0
time: 650.57	mess type: 2
	From Router 0 0 4 1 to Router 0 0 4 2 Port 7 Virtual Channel 0
time: 650.57	mess type: 2
	From Router 0 0 4 0 to Router 0 0 4 1 Port 7 Virtual Channel 0
time: 651	mess type: 1
time: 651	mess type: 3
	From Router 0 0 3 6 to Router 0 0 3 5 Port 8 Virtual Channel 0
time: 651	mess type: 3
	From Router 0 0 4 2 to Router 0 0 4 1 Port 8 Virtual Channel 0
time: 651.57	mess type: 2
	From Router 0 0 3 0 to Router 0 0 4 0 Port 5 Virtual Channel 0
time: 651.57	mess type: 2
	From Router 0 0 4 0 to Router 0 0 4 1 Port 7 Virtual Channel 0
time: 652	mess type: 3
	From Router 0 0 4 2 to Router 0 0 4 1 Port 8 Virtual Channel 0
time: 652	mess type: 1
time: 652.57	mess type: 2
	From Router 0 0 2 0 to Router 0 0 3 0 Port 5 Virtual Channel 1
time: 652.57	mess type: 2
	From Router 0 0 1 0 to Router 0 0 2 0 Port 5 Virtual Channel 0
time: 653	mess type: 1
time: 653.57	mess type: 2
	From Router 0 0 2 0 to Router 0 0 3 0 Port 5 Virtual Channel 1
time: 653.57	mess type: 2
	From Router 0 0 1 0 to Router 0 0 2 0 Port 5 Virtual Channel 0
time: 654	mess type: 1
time: 654.57	mess type: 2
	From Router 0 0 0 0 to Router 0 0 1 0 Port 5 Virtual Channel 0
time: 655	mess type: 1
time: 655	mess type: 3
	From Router 0 0 4 0 to Router 0 0 3 0 Port 6 Virtual Channel 0
time: 655	mess type: 0
time: 655	mess type: 3
	From Router 0 0 4 1 to Router 0 0 4 0 Port 8 Virtual Channel 0
time: 655.57	mess type: 2
	From Router 0 0 0 0 to Router 0 0 1 0 Port 5 Virtual Channel 0
time: 656	mess type: 1
time: 656	mess type: 3
	From Router 0 0 4 0 to Router 0 0 3 0 Port 6 Virtual Channel 0
time: 656	mess type: 3
	From Router 0 0 4 1 to Router 0 0 4 0 Port 8 Virtual Channel 0
time: 657	mess type: 3
	From Router 0 0 3 0 to Router 0 0 2 0 Port 6 Virtual Channel 1
time: 657	mess type: 1
time: 657	mess type: 3
	From Router 0 0 2 0 to Router 0 0 1 0 Port 6 Virtual Channel 0
time: 658	mess type: 3
	From Router 0 0 3 0 to Router 0 0 2 0 Port 6 Virtual Channel 1
time: 658	mess type: 1
time: 658	mess type: 3
	From Router 0 0 2 0 to Router 0 0 1 0 Port 6 Virtual Channel 0
time: 659	mess type: 3
	From Router 0 0 1 0 to Router 0 0 0 0 Port 6 Virtual Channel 0
time: 659	mess type: 1
time: 659.57	mess type: 2
	From Router 0 0 3 6 to Router 0 0 3 7 Port 7 Virtual Channel 1
time: 660	mess type: 1
time: 660	mess type: 3
	From Router 0 0 1 0 to Router 0 0 0 0 Port 6 Virtual Channel 0
time: 660.57	mess type: 2
	From Router 0 0 3 6 to Router 0 0 3 7 Port 7 Virtual Channel 1
time: 661	mess type: 1
time: 661	mess type: 3
	From Router 0 0 3 7 to Router 0 0 3 6 Port 8 Virtual Channel 1
time: 662	mess type: 1
time: 662	mess type: 3
	From Router 0 0 3 7 to Router 0 0 3 6 Port 8 Virtual Channel 1
time: 663	mess type: 1
time: 664	mess type: 1
time: 664.57	mess type: 2
	From Router 0 0 4 1 to Router 0 0 4 2 Port 7 Virtual Channel 1
time: 664.57	mess type: 2
	From Router 0 0 4 0 to Router 0 0 4 1 Port 7 Virtual Channel 0
time: 665	mess type: 1
time: 665.57	mess type: 2
	From Router 0 0 4 1 to Router 0 0 4 2 Port 7 Virtual Channel 1
time: 665.57	mess type: 2
	From Router 0 0 4 0 to Router 0 0 4 1 Port 7 Virtual Channel 0
time: 666	mess type: 1
time: 666.57	mess type: 2
	From Router 0 0 2 0 to Router 0 0 3 0 Port 5 Virtual Channel 0
time: 666.57	mess type: 2
	From Router 0 0 3 0 to Router 0 0 4 0 Port 5 Virtual Channel 0
time: 667	mess type: 1
time: 667.57	mess type: 2
	From Router 0 0 2 0 to Router 0 0 3 0 Port 5 Virtual Channel 0
time: 667.57	mess type: 2
	From Router 0 0 3 0 to Router 0 0 4 0 Port 5 Virtual Channel 0
time: 668	mess type: 1
time: 668.57	mess type: 2
	From Router 0 0 1 0 to Router 0 0 2 0 Port 5 Virtual Channel 0
time: 669	mess type: 1
time: 669	mess type: 3
	From Router 0 0 4 1 to Router 0 0 4 0 Port 8 Virtual Channel 0
time: 669	mess type: 3
	From Router 0 0 4 2 to Router 0 0 4 1 Port 8 Virtual Channel 1
time: 669.57	mess type: 2
	From Router 0 0 1 0 to Router 0 0 2 0 Port 5 Virtual Channel 0
time: 669.57	mess type: 2
	From Router 0 0 0 0 to Router 0 0 1 0 Port 5 Virtual Channel 1
time: 670	mess type: 0
time: 670	mess type: 1
time: 670	mess type: 3
	From Router 0 0 4 2 to Router 0 0 4 1 Port 8 Virtual Channel 1
time: 670	mess type: 3
	From Router 0 0 4 1 to Router 0 0 4 0 Port 8 Virtual Channel 0
time: 670.57	mess type: 2
	From Router 0 0 0 0 to Router 0 0 1 0 Port 5 Virtual Channel 1
time: 671	mess type: 1
time: 671	mess type: 3
	From Router 0 0 3 0 to Router 0 0 2 0 Port 6 Virtual Channel 0
time: 671	mess type: 3
	From Router 0 0 4 0 to Router 0 0 3 0 Port 6 Virtual Channel 0
time: 672	mess type: 3
	From Router 0 0 4 0 to Router 0 0 3 0 Port 6 Virtual Channel 0
time: 672	mess type: 3
	From Router 0 0 3 0 to Router 0 0 2 0 Port 6 Virtual Channel 0
time: 672	mess type: 1
time: 673	mess type: 1
time: 673	mess type: 3
	From Router 0 0 2 0 to Router 0 0 1 0 Port 6 Virtual Channel 0
time: 674	mess type: 3
	From Router 0 0 1 0 to Router 0 0 0 0 Port 6 Virtual Channel 1
time: 674	mess type: 3
	From Router 0 0 2 0 to Router 0 0 1 0 Port 6 Virtual Channel 0
time: 674	mess type: 1
time: 675	mess type: 1
time: 675	mess type: 3
	From Router 0 0 1 0 to Router 0 0 0 0 Port 6 Virtual Channel 1
time: 676	mess type: 1
time: 677	mess type: 1
time: 678	mess type: 1
time: 678.57	mess type: 2
	From Router 0 0 4 1 to Router 0 0 4 2 Port 7 Virtual Channel 0
time: 678.57	mess type: 2
	From Router 0 0 4 2 to Router 0 0 4 3 Port 7 Virtual Channel 0
time: 679	mess type: 1
time: 679.57	mess type: 2
	From Router 0 0 4 1 to Router 0 0 4 2 Port 7 Virtual Channel 0
time: 679.57	mess type: 2
	From Router 0 0 4 2 to Router 0 0 4 3 Port 7 Virtual Channel 0
time: 680	mess type: 1
time: 680	mess type: 3
	From Router 0 0 4 3 to Router 0 0 4 2 Port 8 Virtual Channel 0
time: 680.57	mess type: 2
	From Router 0 0 3 0 to Router 0 0 4 0 Port 5 Virtual Channel 0
time: 680.57	mess type: 2
	From Router 0 0 4 0 to Router 0 0 4 1 Port 7 Virtual Channel 1
time: 681	mess type: 1
time: 681	mess type: 3
	From Router 0 0 4 3 to Router 0 0 4 2 Port 8 Virtual Channel 0
time: 681.57	mess type: 2
	From Router 0 0 3 0 to Router 0 0 4 0 Port 5 Virtual Channel 0
time: 681.57	mess type: 2
	From Router 0 0 4 0 to Router 0 0 4 1 Port 7 Virtual Channel 1
time: 682	mess type: 1
time: 682.57	mess type: 2
	From Router 0 0 2 0 to Router 0 0 3 0 Port 5 Virtual Channel 1
time: 683	mess type: 1
time: 683	mess type: 3
	From Router 0 0 4 2 to Router 0 0 4 1 Port 8 Virtual Channel 0
time: 683.57	mess type: 2
	From Router 0 0 0 0 to Router 0 0 1 0 Port 5 Virtual Channel 1
time: 683.57	mess type: 2
	From Router 0 0 2 0 to Router 0 0 3 0 Port 5 Virtual Channel 1
time: 683.57	mess type: 2
	From Router 0 0 1 0 to Router 0 0 2 0 Port 5 Virtual Channel 0
time: 684	mess type: 3
	From Router 0 0 4 2 to Router 0 0 4 1 Port 8 Virtual Channel 0
time: 684	mess type: 1
time: 684.57	mess type: 2
	From Router 0 0 0 0 to Router 0 0 1 0 Port 5 Virtual Channel 1
time: 684.57	mess type: 2
	From Router 0 0 1 0 to Router 0 0 2 0 Port 5 Virtual Channel 0
time: 685	mess type: 0
time: 685	mess type: 3
	From Router 0 0 4 0 to Router 0 0 3 0 Port 6 Virtual Channel 0
time: 685	mess type: 3
	From Router 0 0 4 1 to Router 0 0 4 0 Port 8 Virtual Channel 1
time: 685	mess type: 1
time: 686	mess type: 1
time: 686	mess type: 3
	From Router 0 0 4 0 to Router 0 0 3 0 Port 6 Virtual Channel 0
time: 686	mess type: 3
	From Router 0 0 4 1 to Router 0 0 4 0 Port 8 Virtual Channel 1
time: 687	mess type: 1
time: 687	mess type: 3
	From Router 0 0 3 0 to Router 0 0 2 0 Port 6 Virtual Channel 1
time: 688	mess type: 3
	From Router 0 0 3 0 to Router 0 0 2 0 Port 6 Virtual Channel 1
time: 688	mess type: 1
time: 688	mess type: 3
	From Router 0 0 1 0 to Router 0 0 0 0 Port 6 Virtual Channel 1
time: 688	mess type: 3
	From Router 0 0 2 0 to Router 0 0 1 0 Port 6 Virtual Channel 0
time: 689	mess type: 3
	From Router 0 0 1 0 to Router 0 0 0 0 Port 6 Virtual Channel 1
time: 689	mess type: 3
	From Router 0 0 2 0 to Router 0 0 1 0 Port 6 Virtual Channel 0
time: 689	mess type: 1
time: 690	mess type: 1
time: 691	mess type: 1
time: 692	mess type: 1
time: 692.57	mess type: 2
	From Router 0 0 4 2 to Router 0 0 4 3 Port 7 Virtual Channel 0
time: 693	mess type: 1
time: 693.57	mess type: 2
	From Router 0 0 4 2 to Router 0 0 4 3 Port 7 Virtual Channel 0
time: 694	mess type: 1
time: 694.57	mess type: 2
	From Router 0 0 4 1 to Router 0 0 4 2 Port 7 Virtual Channel 0
time: 694.57	mess type: 2
	From Router 0 0 4 0 to Router 0 0 4 1 Port 7 Virtual Channel 0
time: 695	mess type: 1
time: 695.57	mess type: 2
	From Router 0 0 4 0 to Router 0 0 4 1 Port 7 Virtual Channel 0
time: 695.57	mess type: 2
	From Router 0 0 4 1 to Router 0 0 4 2 Port 7 Virtual Channel 0
time: 696	mess type: 1
time: 696.57	mess type: 2
	From Router 0 0 3 0 to Router 0 0 4 0 Port 5 Virtual Channel 1
time: 697	mess type: 1
time: 697	mess type: 3
	From Router 0 0 4 3 to Router 0 0 4 2 Port 8 Virtual Channel 0
time: 697.57	mess type: 2
	From Router 0 0 1 0 to Router 0 0 2 0 Port 5 Virtual Channel 1
time: 697.57	mess type: 2
	From Router 0 0 3 0 to Router 0 0 4 0 Port 5 Virtual Channel 1
time: 697.57	mess type: 2
	From Router 0 0 2 0 to Router 0 0 3 0 Port 5 Virtual Channel 1
time: 698	mess type: 3
	From Router 0 0 4 3 to Router 0 0 4 2 Port 8 Virtual Channel 0
time: 698	mess type: 1
time: 698.57	mess type: 2
	From Router 0 0 0 0 to Router 0 0 1 0 Port 5 Virtual Channel 1
time: 698.57	mess type: 2
	From Router 0 0 2 0 to Router 0 0 3 0 Port 5 Virtual Channel 1
time: 698.57	mess type: 2
	From Router 0 0 1 0 to Router 0 0 2 0 Port 5 Virtual Channel 1
time: 699	mess type: 1
time: 699	mess type: 3
	From Router 0 0 4 2 to Router 0 0 4 1 Port 8 Virtual Channel 0
time: 699	mess type: 3
	From Router 0 0 4 1 to Router 0 0 4 0 Port 8 Virtual Channel 0
time: 699.57	mess type: 2
	From Router 0 0 0 0 to Router 0 0 1 0 Port 5 Virtual Channel 1
time: 700	mess type: 1
time: 700	mess type: 0
time: 700	mess type: 3
	From Router 0 0 4 2 to Router 0 0 4 1 Port 8 Virtual Channel 0
time: 700	mess type: 3
	From Router 0 0 4 1 to Router 0 0 4 0 Port 8 Virtual Channel 0
time: 701	mess type: 3
	From Router 0 0 4 0 to Router 0 0 3 0 Port 6 Virtual Channel 1
time: 701	mess type: 1
time: 702	mess type: 1
time: 702	mess type: 3
	From Router 0 0 4 0 to Router 0 0 3 0 Port 6 Virtual Channel 1
time: 702	mess type: 3
	From Router 0 0 2 0 to Router 0 0 1 0 Port 6 Virtual Channel 1
time: 702	mess type: 3
	From Router 0 0 3 0 to Router 0 0 2 0 Port 6 Virtual Channel 1
time: 703	mess type: 1
time: 703	mess type: 3
	From Router 0 0 2 0 to Router 0 0 1 0 Port 6 Virtual Channel 1
time: 703	mess type: 3
	From Router 0 0 1 0 to Router 0 0 0 0 Port 6 Virtual Channel 1
time: 703	mess type: 3
	From Router 0 0 3 0 to Router 0 0 2 0 Port 6 Virtual Channel 1
time: 704	mess type: 1
time: 704	mess type: 3
	From Router 0 0 1 0 to Router 0 0 0 0 Port 6 Virtual Channel 1
time: 705	mess type: 1
time: 706	mess type: 1
time: 706.57	mess type: 2
	From Router 0 0 4 3 to Router 0 0 4 4 Port 7 Virtual Channel 1
time: 707	mess type: 1
time: 707.57	mess type: 2
	From Router 0 0 4 3 to Router 0 0 4 4 Port 7 Virtual Channel 1
time: 708	mess type: 1
time: 708	mess type: 3
	From Router 0 0 4 4 to Router 0 0 4 3 Port 8 Virtual Channel 1
time: 708.57	mess type: 2
	From Router 0 0 4 2 to Router 0 0 4 3 Port 7 Virtual Channel 0
time: 708.57	mess type: 2
	From Router 0 0 4 1 to Router 0 0 4 2 Port 7 Virtual Channel 1
time: 709	mess type: 1
time: 709	mess type: 3
	From Router 0 0 4 4 to Router 0 0 4 3 Port 8 Virtual Channel 1
time: 709.57	mess type: 2
	From Router 0 0 4 1 to Router 0 0 4 2 Port 7 Virtual Channel 1
time: 709.57	mess type: 2
	From Router 0 0 4 2 to Router 0 0 4 3 Port 7 Virtual Channel 0
time: 710	mess type: 1
time: 710.57	mess type: 2
	From Router 0 0 4 0 to Router 0 0 4 1 Port 7 Virtual Channel 1
time: 711	mess type: 1
time: 711.57	mess type: 2
	From Router 0 0 2 0 to Router 0 0 3 0 Port 5 Virtual Channel 0
time: 711.57	mess type: 2
	From Router 0 0 3 0 to Router 0 0 4 0 Port 5 Virtual Channel 1
time: 711.57	mess type: 2
	From Router 0 0 4 0 to Router 0 0 4 1 Port 7 Virtual Channel 1
time: 712	mess type: 1
time: 712.57	mess type: 2
	From Router 0 0 2 0 to Router 0 0 3 0 Port 5 Virtual Channel 0
time: 712.57	mess type: 2
	From Router 0 0 1 0 to Router 0 0 2 0 Port 5 Virtual Channel 1
time: 712.57	mess type: 2
	From Router 0 0 3 0 to Router 0 0 4 0 Port 5 Virtual Channel 1
time: 713	mess type: 3
	From Router 0 0 4 3 to Router 0 0 4 2 Port 8 Virtual Channel 0
time: 713	mess type: 3
	From Router 0 0 4 2 to Router 0 0 4 1 Port 8 Virtual Channel 1
time: 713	mess type: 1
time: 713.57	mess type: 2
	From Router 0 0 1 0 to Router 0 0 2 0 Port 5 Virtual Channel 1
time: 714	mess type: 3
	From Router 0 0 4 2 to Router 0 0 4 1 Port 8 Virtual Channel 1
time: 714	mess type: 1
time: 714	mess type: 3
	From Router 0 0 4 3 to Router 0 0 4 2 Port 8 Virtual Channel 0
time: 714.57	mess type: 2
	From Router 0 0 0 0 to Router 0 0 1 0 Port 5 Virtual Channel 1
time: 715	mess type: 1
time: 715	mess type: 0
time: 715	mess type: 3
	From Router 0 0 4 1 to Router 0 0 4 0 Port 8 Virtual Channel 1
time: 715.57	mess type: 2
	From Router 0 0 0 0 to Router 0 0 1 0 Port 5 Virtual Channel 1
time: 716	mess type: 3
	From Router 0 0 4 1 to Router 0 0 4 0 Port 8 Virtual Channel 1
time: 716	mess type: 3
	From Router 0 0 4 0 to Router 0 0 3 0 Port 6 Virtual Channel 1
time: 716	mess type: 1
time: 716	mess type: 3
	From Router 0 0 3 0 to Router 0 0 2 0 Port 6 Virtual Channel 0
time: 717	mess type: 3
	From Router 0 0 4 0 to Router 0 0 3 0 Port 6 Virtual Channel 1
time: 717	mess type: 1
time: 717	mess type: 3
	From Router 0 0 3 0 to Router 0 0 2 0 Port 6 Virtual Channel 0
time: 717	mess type: 3
	From Router 0 0 2 0 to Router 0 0 1 0 Port 6 Virtual Channel 1
time: 718	mess type: 1
time: 718	mess type: 3
	From Router 0 0 2 0 to Router 0 0 1 0 Port 6 Virtual Channel 1
time: 719	mess type: 1
time: 719	mess type: 3
	From Router 0 0 1 0 to Router 0 0 0 0 Port 6 Virtual Channel 1
time: 720	mess type: 1
time: 720	mess type: 3
	From Router 0 0 1 0 to Router 0 0 0 0 Port 6 Virtual Channel 1
time: 721	mess type: 1
time: 722	mess type: 1
time: 722.57	mess type: 2
	From Router 0 0 4 2 to Router 0 0 4 3 Port 7 Virtual Channel 0
time: 722.57	mess type: 2
	From Router 0 0 4 3 to Router 0 0 4 4 Port 7 Virtual Channel 0
time: 723	mess type: 1
time: 723.57	mess type: 2
	From Router 0 0 4 3 to Router 0 0 4 4 Port 7 Virtual Channel 0
time: 723.57	mess type: 2
	From Router 0 0 4 2 to Router 0 0 4 3 Port 7 Virtual Channel 0
time: 724	mess type: 1
time: 724.57	mess type: 2
	From Router 0 0 4 1 to Router 0 0 4 2 Port 7 Virtual Channel 0
time: 725	mess type: 1
time: 725.57	mess type: 2
	From Router 0 0 4 1 to Router 0 0 4 2 Port 7 Virtual Channel 0
time: 725.57	mess type: 2
	From Router 0 0 3 0 to Router 0 0 4 0 Port 5 Virtual Channel 1
time: 725.57	mess type: 2
	From Router 0 0 4 0 to Router 0 0 5 0 Port 5 Virtual Channel 1
time: 726	mess type: 1
time: 726.57	mess type: 2
	From Router 0 0 4 0 to Router 0 0 5 0 Port 5 Virtual Channel 1
time: 726.57	mess type: 2
	From Router 0 0 2 0 to Router 0 0 3 0 Port 5 Virtual Channel 0
time: 726.57	mess type: 2
	From Router 0 0 3 0 to Router 0 0 4 0 Port 5 Virtual Channel 1
time: 727	mess type: 3
	From Router 0 0 4 4 to Router 0 0 4 3 Port 8 Virtual Channel 0
time: 727	mess type: 3
	From Router 0 0 5 0 to Router 0 0 4 0 Port 6 Virtual Channel 1
time: 727	mess type: 1
time: 727	mess type: 3
	From Router 0 0 4 3 to Router 0 0 4 2 Port 8 Virtual Channel 0
time: 727.57	mess type: 2
	From Router 0 0 2 0 to Router 0 0 3 0 Port 5 Virtual Channel 0
time: 728	mess type: 3
	From Router 0 0 4 4 to Router 0 0 4 3 Port 8 Virtual Channel 0
time: 728	mess type: 3
	From Router 0 0 5 0 to Router 0 0 4 0 Port 6 Virtual Channel 1
time: 728	mess type: 3
	From Router 0 0 4 3 to Router 0 0 4 2 Port 8 Virtual Channel 0
time: 728	mess type: 1
time: 728.57	mess type: 2
	From Router 0 0 1 0 to Router 0 0 2 0 Port 5 Virtual Channel 0
time: 729	mess type: 1
time: 729	mess type: 3
	From Router 0 0 4 2 to Router 0 0 4 1 Port 8 Virtual Channel 0
time: 729.57	mess type: 2
	From Router 0 0 1 0 to Router 0 0 2 0 Port 5 Virtual Channel 0
time: 729.57	mess type: 2
	From Router 0 0 0 0 to Router 0 0 1 0 Port 5 Virtual Channel 0
time: 730	mess type: 0
time: 730	mess type: 3
	From Router 0 0 4 2 to Router 0 0 4 1 Port 8 Virtual Channel 0
time: 730	mess type: 1
time: 730	mess type: 3
	From Router 0 0 4 0 to Router 0 0 3 0 Port 6 Virtual Channel 1
time: 730.57	mess type: 2
	From Router 0 0 0 0 to Router 0 0 1 0 Port 5 Virtual Channel 0
time: 731	mess type: 3
	From Router 0 0 4 0 to Router 0 0 3 0 Port 6 Virtual Channel 1
time: 731	mess type: 3
	From Router 0 0 3 0 to Router 0 0 2 0 Port 6 Virtual Channel 0
time: 731	mess type: 1
time: 732	mess type: 1
time: 732	mess type: 3
	From Router 0 0 3 0 to Router 0 0 2 0 Port 6 Virtual Channel 0
time: 733	mess type: 1
